<?xml version="1.0" encoding="UTF-8"?>
<robot generator="Robot 7.4.2 (Python 3.13.7 on win32)" generated="2026-04-01T09:24:51.868488" rpa="false" schemaversion="5">
<suite id="s1" name="Tests" source="C:\Users\kenny\Documents\ProjectOrderly\Orderly\frontend\robot\tests">
<suite id="s1-s1" name="Frontend Order Confirmation" source="C:\Users\kenny\Documents\ProjectOrderly\Orderly\frontend\robot\tests\frontend_order_confirmation.robot">
<kw name="Open Browser To App" type="SETUP">
<kw name="New Browser" owner="Browser">
<msg time="2026-04-01T09:24:52.277807" level="INFO">{"browser": "chromium", "headless": false, "chromiumSandbox": false, "devtools": false, "handleSIGHUP": true, "handleSIGINT": true, "handleSIGTERM": true, "slowMo": 0.0, "timeout": 30000.0, "tracesDir": "C:\\Users\\kenny\\Documents\\ProjectOrderly\\Orderly\\frontend\\browser\\traces\\temp\\a930fa3c-f481-47e6-8808-3fd2f54b0f62"}</msg>
<msg time="2026-04-01T09:24:52.306596" level="INFO">Starting Browser process C:\Users\kenny\Documents\ProjectOrderly\.venv\Lib\site-packages\Browser\wrapper\index.js using at 127.0.0.1:63096</msg>
<msg time="2026-04-01T09:24:53.812613" level="INFO">Successfully created browser with options: {"browser":"chromium","headless":false,"chromiumSandbox":false,"devtools":false,"handleSIGHUP":true,"handleSIGINT":true,"handleSIGTERM":true,"slowMo":0,"timeout":30000,"tracesDir":"C:\\Users\\kenny\\Documents\\ProjectOrderly\\Orderly\\frontend\\browser\\traces\\temp\\a930fa3c-f481-47e6-8808-3fd2f54b0f62"}</msg>
<arg>chromium</arg>
<arg>headless=False</arg>
<tag>BrowserControl</tag>
<tag>Setter</tag>
<doc>Create a new playwright Browser with specified options.</doc>
<status status="PASS" start="2026-04-01T09:24:52.277263" elapsed="1.535612"/>
</kw>
<kw name="New Context" owner="Browser">
<msg time="2026-04-01T09:24:53.814953" level="INFO">{
  "acceptDownloads": true,
  "bypassCSP": false,
  "forcedColors": "none",
  "ignoreHTTPSErrors": false,
  "javaScriptEnabled": true,
  "offline": false,
  "reducedMotion": "no-preference",
  "serviceWorkers": "allow",
  "viewport": {
    "width": 1280,
    "height": 720
  }
}</msg>
<msg time="2026-04-01T09:24:53.829856" level="INFO">Successfully created context. </msg>
<msg time="2026-04-01T09:24:53.829955" level="INFO">{'acceptDownloads': True, 'bypassCSP': False, 'forcedColors': 'none', 'ignoreHTTPSErrors': False, 'javaScriptEnabled': True, 'offline': False, 'reducedMotion': 'no-preference', 'serviceWorkers': 'allow', 'viewport': {'width': 1280, 'height': 720}}</msg>
<tag>BrowserControl</tag>
<tag>Setter</tag>
<doc>Create a new BrowserContext with specified options.</doc>
<status status="PASS" start="2026-04-01T09:24:53.813188" elapsed="0.016859"/>
</kw>
<kw name="New Page" owner="Browser">
<msg time="2026-04-01T09:24:54.524456" level="INFO">Successfully initialized new page object and opened url: http://localhost:3000/</msg>
<arg>${BASE_URL}/</arg>
<tag>BrowserControl</tag>
<tag>Setter</tag>
<doc>Open a new Page.</doc>
<status status="PASS" start="2026-04-01T09:24:53.830255" elapsed="0.694601"/>
</kw>
<status status="PASS" start="2026-04-01T09:24:52.276276" elapsed="2.248850"/>
</kw>
<test id="s1-s1-t1" name="Customer Can View Order Confirmation From Order History" line="64">
<kw name="Login As Existing User">
<kw name="Wait For Elements State" owner="Browser">
<msg time="2026-04-01T09:24:54.599885" level="INFO">Waited for Element with selector css=a[href="/login"] at state visible</msg>
<arg>css=a[href="/login"]</arg>
<arg>visible</arg>
<arg>10s</arg>
<tag>PageContent</tag>
<tag>Wait</tag>
<doc>Waits for the element found by ``selector`` to satisfy state option.</doc>
<status status="PASS" start="2026-04-01T09:24:54.569522" elapsed="0.030568"/>
</kw>
<kw name="Click" owner="Browser">
<msg time="2026-04-01T09:24:54.601024" level="INFO">Clicks the element 'css=a[href="/login"]'.</msg>
<arg>css=a[href="/login"]</arg>
<tag>PageContent</tag>
<tag>Setter</tag>
<doc>Simulates mouse click on the element found by ``selector``.</doc>
<status status="PASS" start="2026-04-01T09:24:54.600319" elapsed="0.129915"/>
</kw>
<kw name="Wait For Elements State" owner="Browser">
<msg time="2026-04-01T09:24:54.738531" level="INFO">Waited for Element with selector css=input#email at state visible</msg>
<arg>css=input#email</arg>
<arg>visible</arg>
<arg>10s</arg>
<tag>PageContent</tag>
<tag>Wait</tag>
<doc>Waits for the element found by ``selector`` to satisfy state option.</doc>
<status status="PASS" start="2026-04-01T09:24:54.730563" elapsed="0.008216"/>
</kw>
<kw name="Fill Text" owner="Browser">
<msg time="2026-04-01T09:24:54.740523" level="INFO">Fills the text 'orderhistory1@test.com' in the given field.</msg>
<arg>css=input#email</arg>
<arg>${EMAIL}</arg>
<tag>PageContent</tag>
<tag>Setter</tag>
<doc>Clears and fills the given ``txt`` into the text field found by ``selector``.</doc>
<status status="PASS" start="2026-04-01T09:24:54.739229" elapsed="0.014979"/>
</kw>
<kw name="Fill Text" owner="Browser">
<msg time="2026-04-01T09:24:54.755282" level="INFO">Fills the text 'Password123!' in the given field.</msg>
<arg>css=input#password</arg>
<arg>${PASSWORD}</arg>
<tag>PageContent</tag>
<tag>Setter</tag>
<doc>Clears and fills the given ``txt`` into the text field found by ``selector``.</doc>
<status status="PASS" start="2026-04-01T09:24:54.754453" elapsed="0.016939"/>
</kw>
<kw name="Click" owner="Browser">
<msg time="2026-04-01T09:24:54.773221" level="INFO">Clicks the element 'css=button[type="submit"]'.</msg>
<arg>css=button[type="submit"]</arg>
<tag>PageContent</tag>
<tag>Setter</tag>
<doc>Simulates mouse click on the element found by ``selector``.</doc>
<status status="PASS" start="2026-04-01T09:24:54.771715" elapsed="0.054305"/>
</kw>
<kw name="Wait For Elements State" owner="Browser">
<msg time="2026-04-01T09:24:55.631666" level="INFO">Waited for Element with selector css=a[href="/order-history"] at state visible</msg>
<arg>css=a[href="/order-history"]</arg>
<arg>visible</arg>
<arg>10s</arg>
<tag>PageContent</tag>
<tag>Wait</tag>
<doc>Waits for the element found by ``selector`` to satisfy state option.</doc>
<status status="PASS" start="2026-04-01T09:24:54.826330" elapsed="0.805606"/>
</kw>
<kw name="Wait For Elements State" owner="Browser">
<msg time="2026-04-01T09:24:55.641175" level="INFO">Waited for Element with selector css=a[href="/profile"] at state visible</msg>
<arg>css=a[href="/profile"]</arg>
<arg>visible</arg>
<arg>10s</arg>
<tag>PageContent</tag>
<tag>Wait</tag>
<doc>Waits for the element found by ``selector`` to satisfy state option.</doc>
<status status="PASS" start="2026-04-01T09:24:55.632175" elapsed="0.009201"/>
</kw>
<status status="PASS" start="2026-04-01T09:24:54.568764" elapsed="1.072783"/>
</kw>
<kw name="Go To Order History Page">
<kw name="Click" owner="Browser">
<msg time="2026-04-01T09:24:55.643263" level="INFO">Clicks the element 'css=a[href="/order-history"]'.</msg>
<arg>css=a[href="/order-history"]</arg>
<tag>PageContent</tag>
<tag>Setter</tag>
<doc>Simulates mouse click on the element found by ``selector``.</doc>
<status status="PASS" start="2026-04-01T09:24:55.642470" elapsed="0.051583"/>
</kw>
<kw name="Wait For Elements State" owner="Browser">
<msg time="2026-04-01T09:24:55.799845" level="INFO">Waited for Element with selector role=heading[name="Order History"] at state visible</msg>
<arg>role=heading[name="Order History"]</arg>
<arg>visible</arg>
<arg>10s</arg>
<tag>PageContent</tag>
<tag>Wait</tag>
<doc>Waits for the element found by ``selector`` to satisfy state option.</doc>
<status status="PASS" start="2026-04-01T09:24:55.694364" elapsed="0.105681"/>
</kw>
<status status="PASS" start="2026-04-01T09:24:55.642016" elapsed="0.158176"/>
</kw>
<kw name="Open First Order From History">
<kw name="Wait For Elements State" owner="Browser">
<msg time="2026-04-01T09:24:55.809104" level="INFO">Waited for Element with selector xpath=(//strong[starts-with(normalize-space(),'Order #')])[1] at state visible</msg>
<arg>xpath=(//strong[starts-with(normalize-space(),'Order #')])[1]</arg>
<arg>visible</arg>
<arg>10s</arg>
<tag>PageContent</tag>
<tag>Wait</tag>
<doc>Waits for the element found by ``selector`` to satisfy state option.</doc>
<status status="PASS" start="2026-04-01T09:24:55.801092" elapsed="0.008203"/>
</kw>
<kw name="Click" owner="Browser">
<msg time="2026-04-01T09:24:55.810437" level="INFO">Clicks the element 'xpath=(//strong[starts-with(normalize-space(),'Order #')])[1]'.</msg>
<arg>xpath=(//strong[starts-with(normalize-space(),'Order #')])[1]</arg>
<tag>PageContent</tag>
<tag>Setter</tag>
<doc>Simulates mouse click on the element found by ``selector``.</doc>
<status status="PASS" start="2026-04-01T09:24:55.809769" elapsed="0.051159"/>
</kw>
<status status="PASS" start="2026-04-01T09:24:55.800609" elapsed="0.060481"/>
</kw>
<kw name="Validate Order Confirmation Details">
<kw name="Wait For Elements State" owner="Browser">
<msg time="2026-04-01T09:24:55.899633" level="INFO">Waited for Element with selector xpath=//h2[starts-with(normalize-space(),'Order #')] at state visible</msg>
<arg>xpath=//h2[starts-with(normalize-space(),'Order #')]</arg>
<arg>visible</arg>
<arg>10s</arg>
<tag>PageContent</tag>
<tag>Wait</tag>
<doc>Waits for the element found by ``selector`` to satisfy state option.</doc>
<status status="PASS" start="2026-04-01T09:24:55.862042" elapsed="0.037898"/>
</kw>
<kw name="Get Text" owner="Browser">
<msg time="2026-04-01T09:24:55.938386" level="INFO">Text: 'Order #23'</msg>
<msg time="2026-04-01T09:24:55.938597" level="INFO">${heading} = Order #23</msg>
<var>${heading}</var>
<arg>xpath=//h2[starts-with(normalize-space(),'Order #')]</arg>
<tag>Assertion</tag>
<tag>Getter</tag>
<tag>PageContent</tag>
<doc>Returns text attribute of the element found by ``selector``.</doc>
<status status="PASS" start="2026-04-01T09:24:55.900312" elapsed="0.038326"/>
</kw>
<kw name="Should Contain" owner="BuiltIn">
<arg>${heading}</arg>
<arg>Order #</arg>
<doc>Fails if ``container`` does not contain ``item`` one or more times.</doc>
<status status="PASS" start="2026-04-01T09:24:55.938857" elapsed="0.000982"/>
</kw>
<kw name="Get Text" owner="Browser">
<msg time="2026-04-01T09:24:55.958576" level="INFO">Text: 'Your pause, perfected.\nWelcome, Order!\n|\nHome\n|\nProfile\n|\nOrder History\n|\nLogout\n\nCart\n\nOrder #23\n\nDate: 3/31/2026, 8:45:50 PM\n\nStatus: PENDING\n\nItems\n\nClassic Burger (Single Patty)\n\nQuantity: 2\n\nUnit Price: $9.99\n\nItem Total: $19.98\n\nTotals\n\nTax: $0.00\n\nTotal: $19.98\n\n© Quick Sip Cafe 2026'</msg>
<msg time="2026-04-01T09:24:55.960140" level="INFO">${page_text} = Your pause, perfected.
Welcome, Order!
|
Home
|
Profile
|
Order History
|
Logout

Cart

Order #23

Date: 3/31/2026, 8:45:50 PM

Status: PENDING

Items

Classic Burger (Single Patty)

Quantity: 2

Unit...</msg>
<var>${page_text}</var>
<arg>css=body</arg>
<tag>Assertion</tag>
<tag>Getter</tag>
<tag>PageContent</tag>
<doc>Returns text attribute of the element found by ``selector``.</doc>
<status status="PASS" start="2026-04-01T09:24:55.940090" elapsed="0.020179"/>
</kw>
<kw name="Should Contain" owner="BuiltIn">
<arg>${page_text}</arg>
<arg>Date:</arg>
<doc>Fails if ``container`` does not contain ``item`` one or more times.</doc>
<status status="PASS" start="2026-04-01T09:24:55.960589" elapsed="0.000864"/>
</kw>
<kw name="Should Contain" owner="BuiltIn">
<arg>${page_text}</arg>
<arg>Status:</arg>
<doc>Fails if ``container`` does not contain ``item`` one or more times.</doc>
<status status="PASS" start="2026-04-01T09:24:55.961658" elapsed="0.000488"/>
</kw>
<kw name="Should Contain" owner="BuiltIn">
<arg>${page_text}</arg>
<arg>Items</arg>
<doc>Fails if ``container`` does not contain ``item`` one or more times.</doc>
<status status="PASS" start="2026-04-01T09:24:55.962278" elapsed="0.000382"/>
</kw>
<kw name="Should Contain" owner="BuiltIn">
<arg>${page_text}</arg>
<arg>Totals</arg>
<doc>Fails if ``container`` does not contain ``item`` one or more times.</doc>
<status status="PASS" start="2026-04-01T09:24:55.962770" elapsed="0.000558"/>
</kw>
<kw name="Should Contain" owner="BuiltIn">
<arg>${page_text}</arg>
<arg>Total:</arg>
<doc>Fails if ``container`` does not contain ``item`` one or more times.</doc>
<status status="PASS" start="2026-04-01T09:24:55.963579" elapsed="0.000780"/>
</kw>
<kw name="Should Contain" owner="BuiltIn">
<arg>${page_text}</arg>
<arg>Quantity:</arg>
<doc>Fails if ``container`` does not contain ``item`` one or more times.</doc>
<status status="PASS" start="2026-04-01T09:24:55.964582" elapsed="0.000734"/>
</kw>
<kw name="Should Contain" owner="BuiltIn">
<arg>${page_text}</arg>
<arg>Unit Price:</arg>
<doc>Fails if ``container`` does not contain ``item`` one or more times.</doc>
<status status="PASS" start="2026-04-01T09:24:55.965538" elapsed="0.000703"/>
</kw>
<kw name="Should Contain" owner="BuiltIn">
<arg>${page_text}</arg>
<arg>Item Total:</arg>
<doc>Fails if ``container`` does not contain ``item`` one or more times.</doc>
<status status="PASS" start="2026-04-01T09:24:55.966460" elapsed="0.000767"/>
</kw>
<kw name="Should Contain" owner="BuiltIn">
<arg>${page_text}</arg>
<arg>Classic Burger</arg>
<doc>Fails if ``container`` does not contain ``item`` one or more times.</doc>
<status status="PASS" start="2026-04-01T09:24:55.967460" elapsed="0.000764"/>
</kw>
<status status="PASS" start="2026-04-01T09:24:55.861558" elapsed="0.106850"/>
</kw>
<doc>US3.4.1 - Confirmation is visible by opening an order from order history</doc>
<status status="PASS" start="2026-04-01T09:24:54.525275" elapsed="1.443805"/>
</test>
<kw name="Close Browser" owner="Browser" type="TEARDOWN">
<msg time="2026-04-01T09:24:56.421245" level="INFO">Closed browser</msg>
<tag>BrowserControl</tag>
<tag>Setter</tag>
<doc>Closes the current browser.</doc>
<status status="PASS" start="2026-04-01T09:24:55.983118" elapsed="0.438248"/>
</kw>
<status status="PASS" start="2026-04-01T09:24:51.907339" elapsed="4.514087"/>
</suite>
<suite id="s1-s2" name="Frontend Tests" source="C:\Users\kenny\Documents\ProjectOrderly\Orderly\frontend\robot\tests\frontend_tests.robot">
<test id="s1-s2-t1" name="App Navigation Hides Profile Link When Not Authenticated" line="18">
<kw name="Open Browser To App" owner="keywords" type="SETUP">
<kw name="Open Browser" owner="SeleniumLibrary">
<msg time="2026-04-01T09:24:56.768918" level="INFO">Opening browser 'chrome' to base url 'http://localhost:3000'.</msg>
<arg>${BASE_URL}</arg>
<arg>${BROWSER}</arg>
<doc>Opens a new browser instance to the optional ``url``.</doc>
<status status="PASS" start="2026-04-01T09:24:56.768749" elapsed="2.810935"/>
</kw>
<kw name="Maximize Browser Window" owner="SeleniumLibrary">
<doc>Maximizes current browser window.</doc>
<status status="PASS" start="2026-04-01T09:24:59.579942" elapsed="0.054644"/>
</kw>
<kw name="Set Selenium Timeout" owner="SeleniumLibrary">
<arg>10 seconds</arg>
<doc>Sets the timeout that is used by various keywords.</doc>
<status status="PASS" start="2026-04-01T09:24:59.634926" elapsed="0.001830"/>
</kw>
<kw name="Set Selenium Speed" owner="SeleniumLibrary">
<arg>0.2 seconds</arg>
<doc>Sets the delay that is waited after each Selenium command.</doc>
<status status="PASS" start="2026-04-01T09:24:59.637035" elapsed="0.000385"/>
</kw>
<status status="PASS" start="2026-04-01T09:24:56.768364" elapsed="2.869219"/>
</kw>
<kw name="Go To" owner="SeleniumLibrary">
<msg time="2026-04-01T09:24:59.638374" level="INFO">Opening url 'http://localhost:3000'</msg>
<arg>${BASE_URL}</arg>
<doc>Navigates the current browser window to the provided ``url``.</doc>
<status status="PASS" start="2026-04-01T09:24:59.638142" elapsed="0.264629"/>
</kw>
<kw name="Wait Until Page Contains" owner="SeleniumLibrary">
<arg>Home</arg>
<arg>10s</arg>
<doc>Waits until ``text`` appears on the current page.</doc>
<status status="PASS" start="2026-04-01T09:24:59.903760" elapsed="0.245152"/>
</kw>
<kw name="Page Should Not Contain Link" owner="SeleniumLibrary">
<msg time="2026-04-01T09:25:00.575171" level="INFO">Current page does not contain link 'Profile'.</msg>
<arg>Profile</arg>
<doc>Verifies link identified by ``locator`` is not found from current page.</doc>
<status status="PASS" start="2026-04-01T09:25:00.149509" elapsed="0.426092"/>
</kw>
<kw name="Page Should Contain Link" owner="SeleniumLibrary">
<msg time="2026-04-01T09:25:00.998377" level="INFO">Current page contains link 'Login'.</msg>
<arg>Login</arg>
<doc>Verifies link identified by ``locator`` is found from current page.</doc>
<status status="PASS" start="2026-04-01T09:25:00.576311" elapsed="0.422379"/>
</kw>
<kw name="Page Should Contain Link" owner="SeleniumLibrary">
<msg time="2026-04-01T09:25:01.421735" level="INFO">Current page contains link 'Register'.</msg>
<arg>Register</arg>
<doc>Verifies link identified by ``locator`` is found from current page.</doc>
<status status="PASS" start="2026-04-01T09:25:00.999617" elapsed="0.422333"/>
</kw>
<kw name="Close Browser Session" owner="keywords" type="TEARDOWN">
<kw name="Close Browser" owner="SeleniumLibrary">
<doc>Closes the current browser.</doc>
<status status="PASS" start="2026-04-01T09:25:01.423388" elapsed="2.358304"/>
</kw>
<status status="PASS" start="2026-04-01T09:25:01.422847" elapsed="2.358961"/>
</kw>
<doc>Browser equivalent of the unauthenticated app navigation Jest test.</doc>
<status status="PASS" start="2026-04-01T09:24:56.767854" elapsed="7.014401"/>
</test>
<test id="s1-s2-t2" name="App Navigation Shows Profile Link When Authenticated" line="26">
<kw name="Open Browser To App" owner="keywords" type="SETUP">
<kw name="Open Browser" owner="SeleniumLibrary">
<msg time="2026-04-01T09:25:03.784035" level="INFO">Opening browser 'chrome' to base url 'http://localhost:3000'.</msg>
<arg>${BASE_URL}</arg>
<arg>${BROWSER}</arg>
<doc>Opens a new browser instance to the optional ``url``.</doc>
<status status="PASS" start="2026-04-01T09:25:03.783799" elapsed="2.012059"/>
</kw>
<kw name="Maximize Browser Window" owner="SeleniumLibrary">
<doc>Maximizes current browser window.</doc>
<status status="PASS" start="2026-04-01T09:25:05.796105" elapsed="0.249505"/>
</kw>
<kw name="Set Selenium Timeout" owner="SeleniumLibrary">
<arg>10 seconds</arg>
<doc>Sets the timeout that is used by various keywords.</doc>
<status status="PASS" start="2026-04-01T09:25:06.045992" elapsed="0.202045"/>
</kw>
<kw name="Set Selenium Speed" owner="SeleniumLibrary">
<arg>0.2 seconds</arg>
<doc>Sets the delay that is waited after each Selenium command.</doc>
<status status="PASS" start="2026-04-01T09:25:06.248450" elapsed="0.000538"/>
</kw>
<status status="PASS" start="2026-04-01T09:25:03.783474" elapsed="2.465764"/>
</kw>
<kw name="Login As Test User" owner="keywords">
<kw name="Go To Login Page" owner="keywords">
<kw name="Go To" owner="SeleniumLibrary">
<msg time="2026-04-01T09:25:06.251544" level="INFO">Opening url 'http://localhost:3000/login'</msg>
<arg>${BASE_URL}/login</arg>
<doc>Navigates the current browser window to the provided ``url``.</doc>
<status status="PASS" start="2026-04-01T09:25:06.251193" elapsed="0.268871"/>
</kw>
<kw name="Wait Until Page Contains Element" owner="SeleniumLibrary">
<arg>id=email</arg>
<doc>Waits until the element ``locator`` appears on the current page.</doc>
<status status="PASS" start="2026-04-01T09:25:06.520319" elapsed="0.219944"/>
</kw>
<status status="PASS" start="2026-04-01T09:25:06.250715" elapsed="0.489844"/>
</kw>
<kw name="Input Text" owner="SeleniumLibrary">
<msg time="2026-04-01T09:25:06.741486" level="INFO">Typing text 'test5@tester.com' into text field 'id=email'.</msg>
<arg>id=email</arg>
<arg>${TEST_EMAIL}</arg>
<doc>Types the given ``text`` into the text field identified by ``locator``.</doc>
<status status="PASS" start="2026-04-01T09:25:06.740897" elapsed="0.803390"/>
</kw>
<kw name="Input Password" owner="SeleniumLibrary">
<msg time="2026-04-01T09:25:07.545058" level="INFO">Typing password into text field 'id=password'.</msg>
<msg time="2026-04-01T09:25:07.988259" level="INFO">Temporally setting log level to: NONE</msg>
<arg>id=password</arg>
<arg>${TEST_PASSWORD}</arg>
<doc>Types the given password into the text field identified by ``locator``.</doc>
<status status="PASS" start="2026-04-01T09:25:07.544634" elapsed="0.712631"/>
</kw>
<kw name="Click Button" owner="SeleniumLibrary">
<msg time="2026-04-01T09:25:08.257846" level="INFO">Clicking button 'xpath=//button[normalize-space()='Login']'.</msg>
<arg>xpath=//button[normalize-space()='Login']</arg>
<doc>Clicks the button identified by ``locator``.</doc>
<status status="PASS" start="2026-04-01T09:25:08.257510" elapsed="1.173890"/>
</kw>
<kw name="Wait Until Page Contains Element" owner="SeleniumLibrary">
<arg>xpath=//a[@href='/profile']</arg>
<arg>10s</arg>
<doc>Waits until the element ``locator`` appears on the current page.</doc>
<status status="PASS" start="2026-04-01T09:25:09.431799" elapsed="1.456846"/>
</kw>
<status status="PASS" start="2026-04-01T09:25:06.249983" elapsed="4.638921"/>
</kw>
<kw name="Page Should Contain Link" owner="SeleniumLibrary">
<msg time="2026-04-01T09:25:11.311355" level="INFO">Current page contains link 'Profile'.</msg>
<arg>Profile</arg>
<doc>Verifies link identified by ``locator`` is found from current page.</doc>
<status status="PASS" start="2026-04-01T09:25:10.889495" elapsed="0.422047"/>
</kw>
<kw name="Page Should Contain Element" owner="SeleniumLibrary">
<msg time="2026-04-01T09:25:11.525774" level="INFO">Current page contains element 'xpath=//button[normalize-space()='Logout']'.</msg>
<arg>xpath=//button[normalize-space()='Logout']</arg>
<doc>Verifies that element ``locator`` is found on the current page.</doc>
<status status="PASS" start="2026-04-01T09:25:11.312121" elapsed="0.213794"/>
</kw>
<kw name="Close Browser Session" owner="keywords" type="TEARDOWN">
<kw name="Close Browser" owner="SeleniumLibrary">
<doc>Closes the current browser.</doc>
<status status="PASS" start="2026-04-01T09:25:11.526862" elapsed="2.409838"/>
</kw>
<status status="PASS" start="2026-04-01T09:25:11.526509" elapsed="2.410342"/>
</kw>
<doc>Browser equivalent of the authenticated app navigation Jest test.</doc>
<status status="PASS" start="2026-04-01T09:25:03.783001" elapsed="10.154317"/>
</test>
<test id="s1-s2-t3" name="Login Page Renders Form" line="32">
<kw name="Open Browser To App" owner="keywords" type="SETUP">
<kw name="Open Browser" owner="SeleniumLibrary">
<msg time="2026-04-01T09:25:13.939221" level="INFO">Opening browser 'chrome' to base url 'http://localhost:3000'.</msg>
<arg>${BASE_URL}</arg>
<arg>${BROWSER}</arg>
<doc>Opens a new browser instance to the optional ``url``.</doc>
<status status="PASS" start="2026-04-01T09:25:13.939014" elapsed="1.825217"/>
</kw>
<kw name="Maximize Browser Window" owner="SeleniumLibrary">
<doc>Maximizes current browser window.</doc>
<status status="PASS" start="2026-04-01T09:25:15.764507" elapsed="0.247728"/>
</kw>
<kw name="Set Selenium Timeout" owner="SeleniumLibrary">
<arg>10 seconds</arg>
<doc>Sets the timeout that is used by various keywords.</doc>
<status status="PASS" start="2026-04-01T09:25:16.012629" elapsed="0.202662"/>
</kw>
<kw name="Set Selenium Speed" owner="SeleniumLibrary">
<arg>0.2 seconds</arg>
<doc>Sets the delay that is waited after each Selenium command.</doc>
<status status="PASS" start="2026-04-01T09:25:16.215603" elapsed="0.000373"/>
</kw>
<status status="PASS" start="2026-04-01T09:25:13.938719" elapsed="2.277387"/>
</kw>
<kw name="Go To Login Page" owner="keywords">
<kw name="Go To" owner="SeleniumLibrary">
<msg time="2026-04-01T09:25:16.217361" level="INFO">Opening url 'http://localhost:3000/login'</msg>
<arg>${BASE_URL}/login</arg>
<doc>Navigates the current browser window to the provided ``url``.</doc>
<status status="PASS" start="2026-04-01T09:25:16.217067" elapsed="0.268579"/>
</kw>
<kw name="Wait Until Page Contains Element" owner="SeleniumLibrary">
<arg>id=email</arg>
<doc>Waits until the element ``locator`` appears on the current page.</doc>
<status status="PASS" start="2026-04-01T09:25:16.486053" elapsed="0.218854"/>
</kw>
<status status="PASS" start="2026-04-01T09:25:16.216554" elapsed="0.488581"/>
</kw>
<kw name="Page Should Contain" owner="SeleniumLibrary">
<msg time="2026-04-01T09:25:17.125131" level="INFO">Current page contains text 'Login'.</msg>
<arg>Login</arg>
<doc>Verifies that current page contains ``text``.</doc>
<status status="PASS" start="2026-04-01T09:25:16.705697" elapsed="0.419660"/>
</kw>
<kw name="Page Should Contain Element" owner="SeleniumLibrary">
<msg time="2026-04-01T09:25:17.340413" level="INFO">Current page contains element 'id=email'.</msg>
<arg>id=email</arg>
<doc>Verifies that element ``locator`` is found on the current page.</doc>
<status status="PASS" start="2026-04-01T09:25:17.125974" elapsed="0.214587"/>
</kw>
<kw name="Page Should Contain Element" owner="SeleniumLibrary">
<msg time="2026-04-01T09:25:17.560268" level="INFO">Current page contains element 'id=password'.</msg>
<arg>id=password</arg>
<doc>Verifies that element ``locator`` is found on the current page.</doc>
<status status="PASS" start="2026-04-01T09:25:17.341038" elapsed="0.219455"/>
</kw>
<kw name="Page Should Contain Element" owner="SeleniumLibrary">
<msg time="2026-04-01T09:25:17.775053" level="INFO">Current page contains element 'xpath=//button[normalize-space()='Login']'.</msg>
<arg>xpath=//button[normalize-space()='Login']</arg>
<doc>Verifies that element ``locator`` is found on the current page.</doc>
<status status="PASS" start="2026-04-01T09:25:17.561106" elapsed="0.214113"/>
</kw>
<kw name="Close Browser Session" owner="keywords" type="TEARDOWN">
<kw name="Close Browser" owner="SeleniumLibrary">
<doc>Closes the current browser.</doc>
<status status="PASS" start="2026-04-01T09:25:17.776252" elapsed="2.366440"/>
</kw>
<status status="PASS" start="2026-04-01T09:25:17.775838" elapsed="2.367016"/>
</kw>
<status status="PASS" start="2026-04-01T09:25:13.938128" elapsed="6.205127"/>
</test>
<test id="s1-s2-t4" name="Successful Login Submits Valid Credentials" line="39">
<kw name="Open Browser To App" owner="keywords" type="SETUP">
<kw name="Open Browser" owner="SeleniumLibrary">
<msg time="2026-04-01T09:25:20.145628" level="INFO">Opening browser 'chrome' to base url 'http://localhost:3000'.</msg>
<arg>${BASE_URL}</arg>
<arg>${BROWSER}</arg>
<doc>Opens a new browser instance to the optional ``url``.</doc>
<status status="PASS" start="2026-04-01T09:25:20.145403" elapsed="1.532367"/>
</kw>
<kw name="Maximize Browser Window" owner="SeleniumLibrary">
<doc>Maximizes current browser window.</doc>
<status status="PASS" start="2026-04-01T09:25:21.678046" elapsed="0.263095"/>
</kw>
<kw name="Set Selenium Timeout" owner="SeleniumLibrary">
<arg>10 seconds</arg>
<doc>Sets the timeout that is used by various keywords.</doc>
<status status="PASS" start="2026-04-01T09:25:21.941476" elapsed="0.202800"/>
</kw>
<kw name="Set Selenium Speed" owner="SeleniumLibrary">
<arg>0.2 seconds</arg>
<doc>Sets the delay that is waited after each Selenium command.</doc>
<status status="PASS" start="2026-04-01T09:25:22.144667" elapsed="0.000434"/>
</kw>
<status status="PASS" start="2026-04-01T09:25:20.145109" elapsed="2.000157"/>
</kw>
<kw name="Login As Test User" owner="keywords">
<kw name="Go To Login Page" owner="keywords">
<kw name="Go To" owner="SeleniumLibrary">
<msg time="2026-04-01T09:25:22.147384" level="INFO">Opening url 'http://localhost:3000/login'</msg>
<arg>${BASE_URL}/login</arg>
<doc>Navigates the current browser window to the provided ``url``.</doc>
<status status="PASS" start="2026-04-01T09:25:22.147069" elapsed="0.295471"/>
</kw>
<kw name="Wait Until Page Contains Element" owner="SeleniumLibrary">
<arg>id=email</arg>
<doc>Waits until the element ``locator`` appears on the current page.</doc>
<status status="PASS" start="2026-04-01T09:25:22.442913" elapsed="0.219625"/>
</kw>
<status status="PASS" start="2026-04-01T09:25:22.146625" elapsed="0.516134"/>
</kw>
<kw name="Input Text" owner="SeleniumLibrary">
<msg time="2026-04-01T09:25:22.663435" level="INFO">Typing text 'test5@tester.com' into text field 'id=email'.</msg>
<arg>id=email</arg>
<arg>${TEST_EMAIL}</arg>
<doc>Types the given ``text`` into the text field identified by ``locator``.</doc>
<status status="PASS" start="2026-04-01T09:25:22.663005" elapsed="0.759653"/>
</kw>
<kw name="Input Password" owner="SeleniumLibrary">
<msg time="2026-04-01T09:25:23.423593" level="INFO">Typing password into text field 'id=password'.</msg>
<msg time="2026-04-01T09:25:23.868574" level="INFO">Temporally setting log level to: NONE</msg>
<arg>id=password</arg>
<arg>${TEST_PASSWORD}</arg>
<doc>Types the given password into the text field identified by ``locator``.</doc>
<status status="PASS" start="2026-04-01T09:25:23.423032" elapsed="0.757069"/>
</kw>
<kw name="Click Button" owner="SeleniumLibrary">
<msg time="2026-04-01T09:25:24.180751" level="INFO">Clicking button 'xpath=//button[normalize-space()='Login']'.</msg>
<arg>xpath=//button[normalize-space()='Login']</arg>
<doc>Clicks the button identified by ``locator``.</doc>
<status status="PASS" start="2026-04-01T09:25:24.180424" elapsed="1.155645"/>
</kw>
<kw name="Wait Until Page Contains Element" owner="SeleniumLibrary">
<arg>xpath=//a[@href='/profile']</arg>
<arg>10s</arg>
<doc>Waits until the element ``locator`` appears on the current page.</doc>
<status status="PASS" start="2026-04-01T09:25:25.336438" elapsed="1.461960"/>
</kw>
<status status="PASS" start="2026-04-01T09:25:22.146028" elapsed="4.652644"/>
</kw>
<kw name="Wait Until Page Contains Element" owner="SeleniumLibrary">
<arg>xpath=//a[@href='/profile']</arg>
<arg>10s</arg>
<doc>Waits until the element ``locator`` appears on the current page.</doc>
<status status="PASS" start="2026-04-01T09:25:26.799313" elapsed="0.222071"/>
</kw>
<kw name="Page Should Contain Link" owner="SeleniumLibrary">
<msg time="2026-04-01T09:25:27.452113" level="INFO">Current page contains link 'Profile'.</msg>
<arg>Profile</arg>
<doc>Verifies link identified by ``locator`` is found from current page.</doc>
<status status="PASS" start="2026-04-01T09:25:27.021963" elapsed="0.430468"/>
</kw>
<kw name="Close Browser Session" owner="keywords" type="TEARDOWN">
<kw name="Close Browser" owner="SeleniumLibrary">
<doc>Closes the current browser.</doc>
<status status="PASS" start="2026-04-01T09:25:27.453547" elapsed="2.395896"/>
</kw>
<status status="PASS" start="2026-04-01T09:25:27.453118" elapsed="2.396474"/>
</kw>
<status status="PASS" start="2026-04-01T09:25:20.144439" elapsed="9.705556"/>
</test>
<test id="s1-s2-t5" name="Register Page Renders Form" line="44">
<kw name="Open Browser To App" owner="keywords" type="SETUP">
<kw name="Open Browser" owner="SeleniumLibrary">
<msg time="2026-04-01T09:25:29.851880" level="INFO">Opening browser 'chrome' to base url 'http://localhost:3000'.</msg>
<arg>${BASE_URL}</arg>
<arg>${BROWSER}</arg>
<doc>Opens a new browser instance to the optional ``url``.</doc>
<status status="PASS" start="2026-04-01T09:25:29.851660" elapsed="2.033608"/>
</kw>
<kw name="Maximize Browser Window" owner="SeleniumLibrary">
<doc>Maximizes current browser window.</doc>
<status status="PASS" start="2026-04-01T09:25:31.885489" elapsed="0.246571"/>
</kw>
<kw name="Set Selenium Timeout" owner="SeleniumLibrary">
<arg>10 seconds</arg>
<doc>Sets the timeout that is used by various keywords.</doc>
<status status="PASS" start="2026-04-01T09:25:32.132480" elapsed="0.203106"/>
</kw>
<kw name="Set Selenium Speed" owner="SeleniumLibrary">
<arg>0.2 seconds</arg>
<doc>Sets the delay that is waited after each Selenium command.</doc>
<status status="PASS" start="2026-04-01T09:25:32.335839" elapsed="0.000274"/>
</kw>
<status status="PASS" start="2026-04-01T09:25:29.851368" elapsed="2.484980"/>
</kw>
<kw name="Go To" owner="SeleniumLibrary">
<msg time="2026-04-01T09:25:32.336991" level="INFO">Opening url 'http://localhost:3000/register'</msg>
<arg>${BASE_URL}/register</arg>
<doc>Navigates the current browser window to the provided ``url``.</doc>
<status status="PASS" start="2026-04-01T09:25:32.336750" elapsed="0.264676"/>
</kw>
<kw name="Wait Until Page Contains Element" owner="SeleniumLibrary">
<arg>id=firstName</arg>
<doc>Waits until the element ``locator`` appears on the current page.</doc>
<status status="PASS" start="2026-04-01T09:25:32.602021" elapsed="0.231627"/>
</kw>
<kw name="Page Should Contain Element" owner="SeleniumLibrary">
<msg time="2026-04-01T09:25:33.070884" level="INFO">Current page contains element 'id=lastName'.</msg>
<arg>id=lastName</arg>
<doc>Verifies that element ``locator`` is found on the current page.</doc>
<status status="PASS" start="2026-04-01T09:25:32.834814" elapsed="0.236300"/>
</kw>
<kw name="Page Should Contain Element" owner="SeleniumLibrary">
<msg time="2026-04-01T09:25:33.293604" level="INFO">Current page contains element 'id=email'.</msg>
<arg>id=email</arg>
<doc>Verifies that element ``locator`` is found on the current page.</doc>
<status status="PASS" start="2026-04-01T09:25:33.071721" elapsed="0.222137"/>
</kw>
<kw name="Page Should Contain Element" owner="SeleniumLibrary">
<msg time="2026-04-01T09:25:33.509249" level="INFO">Current page contains element 'id=password'.</msg>
<arg>id=password</arg>
<doc>Verifies that element ``locator`` is found on the current page.</doc>
<status status="PASS" start="2026-04-01T09:25:33.294382" elapsed="0.215015"/>
</kw>
<kw name="Page Should Contain Element" owner="SeleniumLibrary">
<msg time="2026-04-01T09:25:33.722817" level="INFO">Current page contains element 'xpath=//button[contains(normalize-space(),'Create Account')]'.</msg>
<arg>xpath=//button[contains(normalize-space(),'Create Account')]</arg>
<doc>Verifies that element ``locator`` is found on the current page.</doc>
<status status="PASS" start="2026-04-01T09:25:33.509850" elapsed="0.213185"/>
</kw>
<kw name="Close Browser Session" owner="keywords" type="TEARDOWN">
<kw name="Close Browser" owner="SeleniumLibrary">
<doc>Closes the current browser.</doc>
<status status="PASS" start="2026-04-01T09:25:33.724581" elapsed="2.331714"/>
</kw>
<status status="PASS" start="2026-04-01T09:25:33.724062" elapsed="2.332402"/>
</kw>
<status status="PASS" start="2026-04-01T09:25:29.850703" elapsed="6.205986"/>
</test>
<test id="s1-s2-t6" name="Register Page Accepts Form Input" line="52">
<kw name="Open Browser To App" owner="keywords" type="SETUP">
<kw name="Open Browser" owner="SeleniumLibrary">
<msg time="2026-04-01T09:25:36.058382" level="INFO">Opening browser 'chrome' to base url 'http://localhost:3000'.</msg>
<arg>${BASE_URL}</arg>
<arg>${BROWSER}</arg>
<doc>Opens a new browser instance to the optional ``url``.</doc>
<status status="PASS" start="2026-04-01T09:25:36.058218" elapsed="1.978187"/>
</kw>
<kw name="Maximize Browser Window" owner="SeleniumLibrary">
<doc>Maximizes current browser window.</doc>
<status status="PASS" start="2026-04-01T09:25:38.036717" elapsed="0.240082"/>
</kw>
<kw name="Set Selenium Timeout" owner="SeleniumLibrary">
<arg>10 seconds</arg>
<doc>Sets the timeout that is used by various keywords.</doc>
<status status="PASS" start="2026-04-01T09:25:38.277057" elapsed="0.202375"/>
</kw>
<kw name="Set Selenium Speed" owner="SeleniumLibrary">
<arg>0.2 seconds</arg>
<doc>Sets the delay that is waited after each Selenium command.</doc>
<status status="PASS" start="2026-04-01T09:25:38.479726" elapsed="0.000308"/>
</kw>
<status status="PASS" start="2026-04-01T09:25:36.057870" elapsed="2.422269"/>
</kw>
<kw name="Go To" owner="SeleniumLibrary">
<msg time="2026-04-01T09:25:38.480754" level="INFO">Opening url 'http://localhost:3000/register'</msg>
<arg>${BASE_URL}/register</arg>
<doc>Navigates the current browser window to the provided ``url``.</doc>
<status status="PASS" start="2026-04-01T09:25:38.480508" elapsed="0.268418"/>
</kw>
<kw name="Wait Until Page Contains Element" owner="SeleniumLibrary">
<arg>id=firstName</arg>
<doc>Waits until the element ``locator`` appears on the current page.</doc>
<status status="PASS" start="2026-04-01T09:25:38.749334" elapsed="0.213613"/>
</kw>
<kw name="Clear And Type" owner="keywords">
<kw name="Click Element" owner="SeleniumLibrary">
<msg time="2026-04-01T09:25:38.969464" level="INFO">Clicking element 'id=firstName'.</msg>
<arg>${locator}</arg>
<doc>Click the element identified by ``locator``.</doc>
<status status="PASS" start="2026-04-01T09:25:38.964008" elapsed="0.512658"/>
</kw>
<kw name="Press Keys" owner="SeleniumLibrary">
<msg time="2026-04-01T09:25:39.477460" level="INFO">Sending key(s) ('CTRL+a',) to id=firstName element.</msg>
<msg time="2026-04-01T09:25:40.213425" level="INFO">Pressing special key CONTROL down.</msg>
<msg time="2026-04-01T09:25:40.213554" level="INFO">Sending key a</msg>
<msg time="2026-04-01T09:25:40.213623" level="INFO">Releasing special key CONTROL.</msg>
<arg>${locator}</arg>
<arg>CTRL+a</arg>
<doc>Simulates the user pressing key(s) to an element or on the active browser.</doc>
<status status="PASS" start="2026-04-01T09:25:39.476914" elapsed="0.955029"/>
</kw>
<kw name="Press Keys" owner="SeleniumLibrary">
<msg time="2026-04-01T09:25:40.433096" level="INFO">Sending key(s) ('BACKSPACE',) to id=firstName element.</msg>
<msg time="2026-04-01T09:25:41.121209" level="INFO">Pressing special key BACKSPACE to element.</msg>
<msg time="2026-04-01T09:25:41.121359" level="INFO">Releasing special key BACKSPACE.</msg>
<arg>${locator}</arg>
<arg>BACKSPACE</arg>
<doc>Simulates the user pressing key(s) to an element or on the active browser.</doc>
<status status="PASS" start="2026-04-01T09:25:40.432319" elapsed="0.900098"/>
</kw>
<kw name="Input Text" owner="SeleniumLibrary">
<msg time="2026-04-01T09:25:41.333315" level="INFO">Typing text 'Kenny' into text field 'id=firstName'.</msg>
<arg>${locator}</arg>
<arg>${value}</arg>
<doc>Types the given ``text`` into the text field identified by ``locator``.</doc>
<status status="PASS" start="2026-04-01T09:25:41.332797" elapsed="0.678599"/>
</kw>
<arg>id=firstName</arg>
<arg>Kenny</arg>
<status status="PASS" start="2026-04-01T09:25:38.963543" elapsed="3.048024"/>
</kw>
<kw name="Clear And Type" owner="keywords">
<kw name="Click Element" owner="SeleniumLibrary">
<msg time="2026-04-01T09:25:42.012692" level="INFO">Clicking element 'id=lastName'.</msg>
<arg>${locator}</arg>
<doc>Click the element identified by ``locator``.</doc>
<status status="PASS" start="2026-04-01T09:25:42.012475" elapsed="0.514361"/>
</kw>
<kw name="Press Keys" owner="SeleniumLibrary">
<msg time="2026-04-01T09:25:42.527933" level="INFO">Sending key(s) ('CTRL+a',) to id=lastName element.</msg>
<msg time="2026-04-01T09:25:43.220315" level="INFO">Pressing special key CONTROL down.</msg>
<msg time="2026-04-01T09:25:43.220466" level="INFO">Sending key a</msg>
<msg time="2026-04-01T09:25:43.220537" level="INFO">Releasing special key CONTROL.</msg>
<arg>${locator}</arg>
<arg>CTRL+a</arg>
<doc>Simulates the user pressing key(s) to an element or on the active browser.</doc>
<status status="PASS" start="2026-04-01T09:25:42.527191" elapsed="0.906942"/>
</kw>
<kw name="Press Keys" owner="SeleniumLibrary">
<msg time="2026-04-01T09:25:43.435242" level="INFO">Sending key(s) ('BACKSPACE',) to id=lastName element.</msg>
<msg time="2026-04-01T09:25:44.112156" level="INFO">Pressing special key BACKSPACE to element.</msg>
<msg time="2026-04-01T09:25:44.112331" level="INFO">Releasing special key BACKSPACE.</msg>
<arg>${locator}</arg>
<arg>BACKSPACE</arg>
<doc>Simulates the user pressing key(s) to an element or on the active browser.</doc>
<status status="PASS" start="2026-04-01T09:25:43.434509" elapsed="0.887223"/>
</kw>
<kw name="Input Text" owner="SeleniumLibrary">
<msg time="2026-04-01T09:25:44.322554" level="INFO">Typing text 'Test' into text field 'id=lastName'.</msg>
<arg>${locator}</arg>
<arg>${value}</arg>
<doc>Types the given ``text`` into the text field identified by ``locator``.</doc>
<status status="PASS" start="2026-04-01T09:25:44.322084" elapsed="0.676587"/>
</kw>
<arg>id=lastName</arg>
<arg>Test</arg>
<status status="PASS" start="2026-04-01T09:25:42.012084" elapsed="2.986778"/>
</kw>
<kw name="Clear And Type" owner="keywords">
<kw name="Click Element" owner="SeleniumLibrary">
<msg time="2026-04-01T09:25:45.000212" level="INFO">Clicking element 'id=email'.</msg>
<arg>${locator}</arg>
<doc>Click the element identified by ``locator``.</doc>
<status status="PASS" start="2026-04-01T09:25:44.999863" elapsed="0.475958"/>
</kw>
<kw name="Press Keys" owner="SeleniumLibrary">
<msg time="2026-04-01T09:25:45.476548" level="INFO">Sending key(s) ('CTRL+a',) to id=email element.</msg>
<msg time="2026-04-01T09:25:46.162570" level="INFO">Pressing special key CONTROL down.</msg>
<msg time="2026-04-01T09:25:46.162674" level="INFO">Sending key a</msg>
<msg time="2026-04-01T09:25:46.162720" level="INFO">Releasing special key CONTROL.</msg>
<arg>${locator}</arg>
<arg>CTRL+a</arg>
<doc>Simulates the user pressing key(s) to an element or on the active browser.</doc>
<status status="PASS" start="2026-04-01T09:25:45.476060" elapsed="0.893869"/>
</kw>
<kw name="Press Keys" owner="SeleniumLibrary">
<msg time="2026-04-01T09:25:46.371237" level="INFO">Sending key(s) ('BACKSPACE',) to id=email element.</msg>
<msg time="2026-04-01T09:25:47.064429" level="INFO">Pressing special key BACKSPACE to element.</msg>
<msg time="2026-04-01T09:25:47.064599" level="INFO">Releasing special key BACKSPACE.</msg>
<arg>${locator}</arg>
<arg>BACKSPACE</arg>
<doc>Simulates the user pressing key(s) to an element or on the active browser.</doc>
<status status="PASS" start="2026-04-01T09:25:46.370303" elapsed="0.903079"/>
</kw>
<kw name="Input Text" owner="SeleniumLibrary">
<msg time="2026-04-01T09:25:47.275470" level="INFO">Typing text 'kenny.robot@example.com' into text field 'id=email'.</msg>
<arg>${locator}</arg>
<arg>${value}</arg>
<doc>Types the given ``text`` into the text field identified by ``locator``.</doc>
<status status="PASS" start="2026-04-01T09:25:47.274610" elapsed="0.869591"/>
</kw>
<arg>id=email</arg>
<arg>kenny.robot@example.com</arg>
<status status="PASS" start="2026-04-01T09:25:44.999314" elapsed="3.145140"/>
</kw>
<kw name="Clear And Type" owner="keywords">
<kw name="Click Element" owner="SeleniumLibrary">
<msg time="2026-04-01T09:25:48.145693" level="INFO">Clicking element 'id=password'.</msg>
<arg>${locator}</arg>
<doc>Click the element identified by ``locator``.</doc>
<status status="PASS" start="2026-04-01T09:25:48.145469" elapsed="0.474592"/>
</kw>
<kw name="Press Keys" owner="SeleniumLibrary">
<msg time="2026-04-01T09:25:48.622329" level="INFO">Sending key(s) ('CTRL+a',) to id=password element.</msg>
<msg time="2026-04-01T09:25:49.320578" level="INFO">Pressing special key CONTROL down.</msg>
<msg time="2026-04-01T09:25:49.320691" level="INFO">Sending key a</msg>
<msg time="2026-04-01T09:25:49.320742" level="INFO">Releasing special key CONTROL.</msg>
<arg>${locator}</arg>
<arg>CTRL+a</arg>
<doc>Simulates the user pressing key(s) to an element or on the active browser.</doc>
<status status="PASS" start="2026-04-01T09:25:48.620680" elapsed="0.906861"/>
</kw>
<kw name="Press Keys" owner="SeleniumLibrary">
<msg time="2026-04-01T09:25:49.528943" level="INFO">Sending key(s) ('BACKSPACE',) to id=password element.</msg>
<msg time="2026-04-01T09:25:50.214629" level="INFO">Pressing special key BACKSPACE to element.</msg>
<msg time="2026-04-01T09:25:50.214779" level="INFO">Releasing special key BACKSPACE.</msg>
<arg>${locator}</arg>
<arg>BACKSPACE</arg>
<doc>Simulates the user pressing key(s) to an element or on the active browser.</doc>
<status status="PASS" start="2026-04-01T09:25:49.528017" elapsed="0.898431"/>
</kw>
<kw name="Input Text" owner="SeleniumLibrary">
<msg time="2026-04-01T09:25:50.427375" level="INFO">Typing text 'Password123!' into text field 'id=password'.</msg>
<arg>${locator}</arg>
<arg>${value}</arg>
<doc>Types the given ``text`` into the text field identified by ``locator``.</doc>
<status status="PASS" start="2026-04-01T09:25:50.426847" elapsed="0.715741"/>
</kw>
<arg>id=password</arg>
<arg>Password123!</arg>
<status status="PASS" start="2026-04-01T09:25:48.145084" elapsed="2.997654"/>
</kw>
<kw name="Textfield Value Should Be" owner="SeleniumLibrary">
<msg time="2026-04-01T09:25:51.995101" level="INFO">Content of text field 'id=firstName' is 'Kenny'.</msg>
<arg>id=firstName</arg>
<arg>Kenny</arg>
<doc>Verifies text field ``locator`` has exactly text ``expected``.</doc>
<status status="PASS" start="2026-04-01T09:25:51.143333" elapsed="0.852000"/>
</kw>
<kw name="Textfield Value Should Be" owner="SeleniumLibrary">
<msg time="2026-04-01T09:25:52.841830" level="INFO">Content of text field 'id=lastName' is 'Test'.</msg>
<arg>id=lastName</arg>
<arg>Test</arg>
<doc>Verifies text field ``locator`` has exactly text ``expected``.</doc>
<status status="PASS" start="2026-04-01T09:25:51.996060" elapsed="0.845980"/>
</kw>
<kw name="Textfield Value Should Be" owner="SeleniumLibrary">
<msg time="2026-04-01T09:25:53.679832" level="INFO">Content of text field 'id=email' is 'kenny.robot@example.com'.</msg>
<arg>id=email</arg>
<arg>kenny.robot@example.com</arg>
<doc>Verifies text field ``locator`` has exactly text ``expected``.</doc>
<status status="PASS" start="2026-04-01T09:25:52.843199" elapsed="0.836905"/>
</kw>
<kw name="Close Browser Session" owner="keywords" type="TEARDOWN">
<kw name="Close Browser" owner="SeleniumLibrary">
<doc>Closes the current browser.</doc>
<status status="PASS" start="2026-04-01T09:25:53.682068" elapsed="2.324292"/>
</kw>
<status status="PASS" start="2026-04-01T09:25:53.681236" elapsed="2.325300"/>
</kw>
<doc>Safe browser-level version of the register component test.</doc>
<status status="PASS" start="2026-04-01T09:25:36.057118" elapsed="19.949565"/>
</test>
<test id="s1-s2-t7" name="Reset Password Request Page Renders Form" line="64">
<kw name="Open Browser To App" owner="keywords" type="SETUP">
<kw name="Open Browser" owner="SeleniumLibrary">
<msg time="2026-04-01T09:25:56.007756" level="INFO">Opening browser 'chrome' to base url 'http://localhost:3000'.</msg>
<arg>${BASE_URL}</arg>
<arg>${BROWSER}</arg>
<doc>Opens a new browser instance to the optional ``url``.</doc>
<status status="PASS" start="2026-04-01T09:25:56.007604" elapsed="2.008723"/>
</kw>
<kw name="Maximize Browser Window" owner="SeleniumLibrary">
<doc>Maximizes current browser window.</doc>
<status status="PASS" start="2026-04-01T09:25:58.016578" elapsed="0.244462"/>
</kw>
<kw name="Set Selenium Timeout" owner="SeleniumLibrary">
<arg>10 seconds</arg>
<doc>Sets the timeout that is used by various keywords.</doc>
<status status="PASS" start="2026-04-01T09:25:58.261403" elapsed="0.202977"/>
</kw>
<kw name="Set Selenium Speed" owner="SeleniumLibrary">
<arg>0.2 seconds</arg>
<doc>Sets the delay that is waited after each Selenium command.</doc>
<status status="PASS" start="2026-04-01T09:25:58.464726" elapsed="0.000630"/>
</kw>
<status status="PASS" start="2026-04-01T09:25:56.007413" elapsed="2.458210"/>
</kw>
<kw name="Go To" owner="SeleniumLibrary">
<msg time="2026-04-01T09:25:58.466816" level="INFO">Opening url 'http://localhost:3000/password-reset'</msg>
<arg>${BASE_URL}/password-reset</arg>
<doc>Navigates the current browser window to the provided ``url``.</doc>
<status status="PASS" start="2026-04-01T09:25:58.466452" elapsed="0.270674"/>
</kw>
<kw name="Wait Until Page Contains Element" owner="SeleniumLibrary">
<arg>id=email</arg>
<doc>Waits until the element ``locator`` appears on the current page.</doc>
<status status="PASS" start="2026-04-01T09:25:58.737954" elapsed="0.225271"/>
</kw>
<kw name="Page Should Contain Element" owner="SeleniumLibrary">
<msg time="2026-04-01T09:25:59.175298" level="INFO">Current page contains element 'xpath=//button[contains(normalize-space(),'Send Reset Link')]'.</msg>
<arg>xpath=//button[contains(normalize-space(),'Send Reset Link')]</arg>
<doc>Verifies that element ``locator`` is found on the current page.</doc>
<status status="PASS" start="2026-04-01T09:25:58.964114" elapsed="0.211381"/>
</kw>
<kw name="Close Browser Session" owner="keywords" type="TEARDOWN">
<kw name="Close Browser" owner="SeleniumLibrary">
<doc>Closes the current browser.</doc>
<status status="PASS" start="2026-04-01T09:25:59.176862" elapsed="2.334521"/>
</kw>
<status status="PASS" start="2026-04-01T09:25:59.176367" elapsed="2.335275"/>
</kw>
<status status="PASS" start="2026-04-01T09:25:56.006998" elapsed="5.505022"/>
</test>
<test id="s1-s2-t8" name="Reset Password Request Accepts Email Input" line="69">
<kw name="Open Browser To App" owner="keywords" type="SETUP">
<kw name="Open Browser" owner="SeleniumLibrary">
<msg time="2026-04-01T09:26:01.513842" level="INFO">Opening browser 'chrome' to base url 'http://localhost:3000'.</msg>
<arg>${BASE_URL}</arg>
<arg>${BROWSER}</arg>
<doc>Opens a new browser instance to the optional ``url``.</doc>
<status status="PASS" start="2026-04-01T09:26:01.513695" elapsed="1.452679"/>
</kw>
<kw name="Maximize Browser Window" owner="SeleniumLibrary">
<doc>Maximizes current browser window.</doc>
<status status="PASS" start="2026-04-01T09:26:02.966731" elapsed="0.254012"/>
</kw>
<kw name="Set Selenium Timeout" owner="SeleniumLibrary">
<arg>10 seconds</arg>
<doc>Sets the timeout that is used by various keywords.</doc>
<status status="PASS" start="2026-04-01T09:26:03.221005" elapsed="0.203555"/>
</kw>
<kw name="Set Selenium Speed" owner="SeleniumLibrary">
<arg>0.2 seconds</arg>
<doc>Sets the delay that is waited after each Selenium command.</doc>
<status status="PASS" start="2026-04-01T09:26:03.424903" elapsed="0.000398"/>
</kw>
<status status="PASS" start="2026-04-01T09:26:01.513503" elapsed="1.911960"/>
</kw>
<kw name="Go To" owner="SeleniumLibrary">
<msg time="2026-04-01T09:26:03.426247" level="INFO">Opening url 'http://localhost:3000/password-reset'</msg>
<arg>${BASE_URL}/password-reset</arg>
<doc>Navigates the current browser window to the provided ``url``.</doc>
<status status="PASS" start="2026-04-01T09:26:03.426019" elapsed="0.267090"/>
</kw>
<kw name="Wait Until Page Contains Element" owner="SeleniumLibrary">
<arg>id=email</arg>
<doc>Waits until the element ``locator`` appears on the current page.</doc>
<status status="PASS" start="2026-04-01T09:26:03.693964" elapsed="0.230466"/>
</kw>
<kw name="Clear And Type" owner="keywords">
<kw name="Click Element" owner="SeleniumLibrary">
<msg time="2026-04-01T09:26:03.925712" level="INFO">Clicking element 'id=email'.</msg>
<arg>${locator}</arg>
<doc>Click the element identified by ``locator``.</doc>
<status status="PASS" start="2026-04-01T09:26:03.925501" elapsed="0.499278"/>
</kw>
<kw name="Press Keys" owner="SeleniumLibrary">
<msg time="2026-04-01T09:26:04.425936" level="INFO">Sending key(s) ('CTRL+a',) to id=email element.</msg>
<msg time="2026-04-01T09:26:05.119323" level="INFO">Pressing special key CONTROL down.</msg>
<msg time="2026-04-01T09:26:05.119465" level="INFO">Sending key a</msg>
<msg time="2026-04-01T09:26:05.119532" level="INFO">Releasing special key CONTROL.</msg>
<arg>${locator}</arg>
<arg>CTRL+a</arg>
<doc>Simulates the user pressing key(s) to an element or on the active browser.</doc>
<status status="PASS" start="2026-04-01T09:26:04.425138" elapsed="0.903403"/>
</kw>
<kw name="Press Keys" owner="SeleniumLibrary">
<msg time="2026-04-01T09:26:05.329661" level="INFO">Sending key(s) ('BACKSPACE',) to id=email element.</msg>
<msg time="2026-04-01T09:26:06.012363" level="INFO">Pressing special key BACKSPACE to element.</msg>
<msg time="2026-04-01T09:26:06.012522" level="INFO">Releasing special key BACKSPACE.</msg>
<arg>${locator}</arg>
<arg>BACKSPACE</arg>
<doc>Simulates the user pressing key(s) to an element or on the active browser.</doc>
<status status="PASS" start="2026-04-01T09:26:05.328912" elapsed="0.898275"/>
</kw>
<kw name="Input Text" owner="SeleniumLibrary">
<msg time="2026-04-01T09:26:06.227929" level="INFO">Typing text 'test5@tester.com' into text field 'id=email'.</msg>
<arg>${locator}</arg>
<arg>${value}</arg>
<doc>Types the given ``text`` into the text field identified by ``locator``.</doc>
<status status="PASS" start="2026-04-01T09:26:06.227509" elapsed="0.762720"/>
</kw>
<arg>id=email</arg>
<arg>${TEST_EMAIL}</arg>
<status status="PASS" start="2026-04-01T09:26:03.925088" elapsed="3.065573"/>
</kw>
<kw name="Textfield Value Should Be" owner="SeleniumLibrary">
<msg time="2026-04-01T09:26:07.859416" level="INFO">Content of text field 'id=email' is 'test5@tester.com'.</msg>
<arg>id=email</arg>
<arg>${TEST_EMAIL}</arg>
<doc>Verifies text field ``locator`` has exactly text ``expected``.</doc>
<status status="PASS" start="2026-04-01T09:26:06.991715" elapsed="0.867982"/>
</kw>
<kw name="Close Browser Session" owner="keywords" type="TEARDOWN">
<kw name="Close Browser" owner="SeleniumLibrary">
<doc>Closes the current browser.</doc>
<status status="PASS" start="2026-04-01T09:26:07.861470" elapsed="2.342063"/>
</kw>
<status status="PASS" start="2026-04-01T09:26:07.860761" elapsed="2.342874"/>
</kw>
<status status="PASS" start="2026-04-01T09:26:01.513070" elapsed="8.690897"/>
</test>
<test id="s1-s2-t9" name="Reset Password Page Renders Form" line="75">
<kw name="Open Browser To App" owner="keywords" type="SETUP">
<kw name="Open Browser" owner="SeleniumLibrary">
<msg time="2026-04-01T09:26:10.205894" level="INFO">Opening browser 'chrome' to base url 'http://localhost:3000'.</msg>
<arg>${BASE_URL}</arg>
<arg>${BROWSER}</arg>
<doc>Opens a new browser instance to the optional ``url``.</doc>
<status status="PASS" start="2026-04-01T09:26:10.205740" elapsed="1.400486"/>
</kw>
<kw name="Maximize Browser Window" owner="SeleniumLibrary">
<doc>Maximizes current browser window.</doc>
<status status="PASS" start="2026-04-01T09:26:11.606758" elapsed="0.260843"/>
</kw>
<kw name="Set Selenium Timeout" owner="SeleniumLibrary">
<arg>10 seconds</arg>
<doc>Sets the timeout that is used by various keywords.</doc>
<status status="PASS" start="2026-04-01T09:26:11.867901" elapsed="0.202548"/>
</kw>
<kw name="Set Selenium Speed" owner="SeleniumLibrary">
<arg>0.2 seconds</arg>
<doc>Sets the delay that is waited after each Selenium command.</doc>
<status status="PASS" start="2026-04-01T09:26:12.070808" elapsed="0.000406"/>
</kw>
<status status="PASS" start="2026-04-01T09:26:10.205534" elapsed="1.865841"/>
</kw>
<kw name="Go To" owner="SeleniumLibrary">
<msg time="2026-04-01T09:26:12.072339" level="INFO">Opening url 'http://localhost:3000/reset-password?uid=abc123&amp;token=xyz123'</msg>
<arg>${BASE_URL}/reset-password?uid=abc123&amp;token=xyz123</arg>
<doc>Navigates the current browser window to the provided ``url``.</doc>
<status status="PASS" start="2026-04-01T09:26:12.071893" elapsed="0.328269"/>
</kw>
<kw name="Wait Until Page Contains Element" owner="SeleniumLibrary">
<arg>id=password</arg>
<doc>Waits until the element ``locator`` appears on the current page.</doc>
<status status="PASS" start="2026-04-01T09:26:12.400774" elapsed="0.217620"/>
</kw>
<kw name="Page Should Contain Element" owner="SeleniumLibrary">
<msg time="2026-04-01T09:26:12.834648" level="INFO">Current page contains element 'xpath=//button[contains(normalize-space(),'Reset Password')]'.</msg>
<arg>xpath=//button[contains(normalize-space(),'Reset Password')]</arg>
<doc>Verifies that element ``locator`` is found on the current page.</doc>
<status status="PASS" start="2026-04-01T09:26:12.619131" elapsed="0.215742"/>
</kw>
<kw name="Close Browser Session" owner="keywords" type="TEARDOWN">
<kw name="Close Browser" owner="SeleniumLibrary">
<doc>Closes the current browser.</doc>
<status status="PASS" start="2026-04-01T09:26:12.836279" elapsed="2.365853"/>
</kw>
<status status="PASS" start="2026-04-01T09:26:12.835705" elapsed="2.366616"/>
</kw>
<doc>Uses the same query-string pattern shown in the uploaded Jest test.</doc>
<status status="PASS" start="2026-04-01T09:26:10.205007" elapsed="4.997598"/>
</test>
<test id="s1-s2-t10" name="Reset Password Page Accepts Password Input" line="81">
<kw name="Open Browser To App" owner="keywords" type="SETUP">
<kw name="Open Browser" owner="SeleniumLibrary">
<msg time="2026-04-01T09:26:15.203995" level="INFO">Opening browser 'chrome' to base url 'http://localhost:3000'.</msg>
<arg>${BASE_URL}</arg>
<arg>${BROWSER}</arg>
<doc>Opens a new browser instance to the optional ``url``.</doc>
<status status="PASS" start="2026-04-01T09:26:15.203851" elapsed="1.931952"/>
</kw>
<kw name="Maximize Browser Window" owner="SeleniumLibrary">
<doc>Maximizes current browser window.</doc>
<status status="PASS" start="2026-04-01T09:26:17.136197" elapsed="0.292252"/>
</kw>
<kw name="Set Selenium Timeout" owner="SeleniumLibrary">
<arg>10 seconds</arg>
<doc>Sets the timeout that is used by various keywords.</doc>
<status status="PASS" start="2026-04-01T09:26:17.428806" elapsed="0.202786"/>
</kw>
<kw name="Set Selenium Speed" owner="SeleniumLibrary">
<arg>0.2 seconds</arg>
<doc>Sets the delay that is waited after each Selenium command.</doc>
<status status="PASS" start="2026-04-01T09:26:17.632223" elapsed="0.000450"/>
</kw>
<status status="PASS" start="2026-04-01T09:26:15.203661" elapsed="2.429192"/>
</kw>
<kw name="Go To" owner="SeleniumLibrary">
<msg time="2026-04-01T09:26:17.633883" level="INFO">Opening url 'http://localhost:3000/reset-password?uid=abc123&amp;token=xyz123'</msg>
<arg>${BASE_URL}/reset-password?uid=abc123&amp;token=xyz123</arg>
<doc>Navigates the current browser window to the provided ``url``.</doc>
<status status="PASS" start="2026-04-01T09:26:17.633432" elapsed="0.276648"/>
</kw>
<kw name="Wait Until Page Contains Element" owner="SeleniumLibrary">
<arg>id=password</arg>
<doc>Waits until the element ``locator`` appears on the current page.</doc>
<status status="PASS" start="2026-04-01T09:26:17.913802" elapsed="0.222389"/>
</kw>
<kw name="Clear And Type" owner="keywords">
<kw name="Click Element" owner="SeleniumLibrary">
<msg time="2026-04-01T09:26:18.139077" level="INFO">Clicking element 'id=password'.</msg>
<arg>${locator}</arg>
<doc>Click the element identified by ``locator``.</doc>
<status status="PASS" start="2026-04-01T09:26:18.138537" elapsed="0.579760"/>
</kw>
<kw name="Press Keys" owner="SeleniumLibrary">
<msg time="2026-04-01T09:26:18.719553" level="INFO">Sending key(s) ('CTRL+a',) to id=password element.</msg>
<msg time="2026-04-01T09:26:19.488354" level="INFO">Pressing special key CONTROL down.</msg>
<msg time="2026-04-01T09:26:19.488540" level="INFO">Sending key a</msg>
<msg time="2026-04-01T09:26:19.488637" level="INFO">Releasing special key CONTROL.</msg>
<arg>${locator}</arg>
<arg>CTRL+a</arg>
<doc>Simulates the user pressing key(s) to an element or on the active browser.</doc>
<status status="PASS" start="2026-04-01T09:26:18.718731" elapsed="1.000745"/>
</kw>
<kw name="Press Keys" owner="SeleniumLibrary">
<msg time="2026-04-01T09:26:19.720815" level="INFO">Sending key(s) ('BACKSPACE',) to id=password element.</msg>
<msg time="2026-04-01T09:26:20.446736" level="INFO">Pressing special key BACKSPACE to element.</msg>
<msg time="2026-04-01T09:26:20.446885" level="INFO">Releasing special key BACKSPACE.</msg>
<arg>${locator}</arg>
<arg>BACKSPACE</arg>
<doc>Simulates the user pressing key(s) to an element or on the active browser.</doc>
<status status="PASS" start="2026-04-01T09:26:19.719918" elapsed="0.940764"/>
</kw>
<kw name="Input Text" owner="SeleniumLibrary">
<msg time="2026-04-01T09:26:20.661423" level="INFO">Typing text 'NewPassword123!' into text field 'id=password'.</msg>
<arg>${locator}</arg>
<arg>${value}</arg>
<doc>Types the given ``text`` into the text field identified by ``locator``.</doc>
<status status="PASS" start="2026-04-01T09:26:20.661040" elapsed="0.712172"/>
</kw>
<arg>id=password</arg>
<arg>NewPassword123!</arg>
<status status="PASS" start="2026-04-01T09:26:18.137572" elapsed="3.235888"/>
</kw>
<kw name="Textfield Value Should Be" owner="SeleniumLibrary">
<msg time="2026-04-01T09:26:22.223132" level="INFO">Content of text field 'id=password' is 'NewPassword123!'.</msg>
<arg>id=password</arg>
<arg>NewPassword123!</arg>
<doc>Verifies text field ``locator`` has exactly text ``expected``.</doc>
<status status="PASS" start="2026-04-01T09:26:21.373993" elapsed="0.849340"/>
</kw>
<kw name="Close Browser Session" owner="keywords" type="TEARDOWN">
<kw name="Close Browser" owner="SeleniumLibrary">
<doc>Closes the current browser.</doc>
<status status="PASS" start="2026-04-01T09:26:22.224629" elapsed="2.306885"/>
</kw>
<status status="PASS" start="2026-04-01T09:26:22.224124" elapsed="2.307555"/>
</kw>
<status status="PASS" start="2026-04-01T09:26:15.203311" elapsed="9.328737"/>
</test>
<test id="s1-s2-t11" name="Profile Page Loads Existing Data" line="87">
<kw name="Open Browser To App" owner="keywords" type="SETUP">
<kw name="Open Browser" owner="SeleniumLibrary">
<msg time="2026-04-01T09:26:24.533826" level="INFO">Opening browser 'chrome' to base url 'http://localhost:3000'.</msg>
<arg>${BASE_URL}</arg>
<arg>${BROWSER}</arg>
<doc>Opens a new browser instance to the optional ``url``.</doc>
<status status="PASS" start="2026-04-01T09:26:24.533677" elapsed="2.000812"/>
</kw>
<kw name="Maximize Browser Window" owner="SeleniumLibrary">
<doc>Maximizes current browser window.</doc>
<status status="PASS" start="2026-04-01T09:26:26.535070" elapsed="0.258463"/>
</kw>
<kw name="Set Selenium Timeout" owner="SeleniumLibrary">
<arg>10 seconds</arg>
<doc>Sets the timeout that is used by various keywords.</doc>
<status status="PASS" start="2026-04-01T09:26:26.793776" elapsed="0.201998"/>
</kw>
<kw name="Set Selenium Speed" owner="SeleniumLibrary">
<arg>0.2 seconds</arg>
<doc>Sets the delay that is waited after each Selenium command.</doc>
<status status="PASS" start="2026-04-01T09:26:26.996162" elapsed="0.000453"/>
</kw>
<status status="PASS" start="2026-04-01T09:26:24.533486" elapsed="2.463305"/>
</kw>
<kw name="Login As Test User" owner="keywords">
<kw name="Go To Login Page" owner="keywords">
<kw name="Go To" owner="SeleniumLibrary">
<msg time="2026-04-01T09:26:26.998062" level="INFO">Opening url 'http://localhost:3000/login'</msg>
<arg>${BASE_URL}/login</arg>
<doc>Navigates the current browser window to the provided ``url``.</doc>
<status status="PASS" start="2026-04-01T09:26:26.997909" elapsed="0.261996"/>
</kw>
<kw name="Wait Until Page Contains Element" owner="SeleniumLibrary">
<arg>id=email</arg>
<doc>Waits until the element ``locator`` appears on the current page.</doc>
<status status="PASS" start="2026-04-01T09:26:27.260429" elapsed="0.214686"/>
</kw>
<status status="PASS" start="2026-04-01T09:26:26.997676" elapsed="0.477727"/>
</kw>
<kw name="Input Text" owner="SeleniumLibrary">
<msg time="2026-04-01T09:26:27.476273" level="INFO">Typing text 'test5@tester.com' into text field 'id=email'.</msg>
<arg>id=email</arg>
<arg>${TEST_EMAIL}</arg>
<doc>Types the given ``text`` into the text field identified by ``locator``.</doc>
<status status="PASS" start="2026-04-01T09:26:27.475728" elapsed="0.788389"/>
</kw>
<kw name="Input Password" owner="SeleniumLibrary">
<msg time="2026-04-01T09:26:28.264702" level="INFO">Typing password into text field 'id=password'.</msg>
<msg time="2026-04-01T09:26:28.707274" level="INFO">Temporally setting log level to: NONE</msg>
<arg>id=password</arg>
<arg>${TEST_PASSWORD}</arg>
<doc>Types the given password into the text field identified by ``locator``.</doc>
<status status="PASS" start="2026-04-01T09:26:28.264392" elapsed="0.749456"/>
</kw>
<kw name="Click Button" owner="SeleniumLibrary">
<msg time="2026-04-01T09:26:29.014336" level="INFO">Clicking button 'xpath=//button[normalize-space()='Login']'.</msg>
<arg>xpath=//button[normalize-space()='Login']</arg>
<doc>Clicks the button identified by ``locator``.</doc>
<status status="PASS" start="2026-04-01T09:26:29.014090" elapsed="1.109740"/>
</kw>
<kw name="Wait Until Page Contains Element" owner="SeleniumLibrary">
<arg>xpath=//a[@href='/profile']</arg>
<arg>10s</arg>
<doc>Waits until the element ``locator`` appears on the current page.</doc>
<status status="PASS" start="2026-04-01T09:26:30.124210" elapsed="1.465786"/>
</kw>
<status status="PASS" start="2026-04-01T09:26:26.997339" elapsed="4.592906"/>
</kw>
<kw name="Open Profile Page" owner="keywords">
<kw name="Click Link" owner="SeleniumLibrary">
<msg time="2026-04-01T09:26:31.593635" level="INFO">Clicking link 'Profile'.</msg>
<arg>Profile</arg>
<doc>Clicks a link identified by ``locator``.</doc>
<status status="PASS" start="2026-04-01T09:26:31.593250" elapsed="0.769097"/>
</kw>
<kw name="Wait Until Page Contains" owner="SeleniumLibrary">
<arg>My Profile</arg>
<doc>Waits until ``text`` appears on the current page.</doc>
<status status="PASS" start="2026-04-01T09:26:32.362733" elapsed="0.214950"/>
</kw>
<status status="PASS" start="2026-04-01T09:26:31.592537" elapsed="0.985410"/>
</kw>
<kw name="Page Should Contain Element" owner="SeleniumLibrary">
<msg time="2026-04-01T09:26:32.794007" level="INFO">Current page contains element 'id=firstName'.</msg>
<arg>id=firstName</arg>
<doc>Verifies that element ``locator`` is found on the current page.</doc>
<status status="PASS" start="2026-04-01T09:26:32.578780" elapsed="0.215441"/>
</kw>
<kw name="Page Should Contain Element" owner="SeleniumLibrary">
<msg time="2026-04-01T09:26:33.028508" level="INFO">Current page contains element 'id=lastName'.</msg>
<arg>id=lastName</arg>
<doc>Verifies that element ``locator`` is found on the current page.</doc>
<status status="PASS" start="2026-04-01T09:26:32.794804" elapsed="0.233904"/>
</kw>
<kw name="Page Should Contain Element" owner="SeleniumLibrary">
<msg time="2026-04-01T09:26:33.247244" level="INFO">Current page contains element 'id=streetAddress'.</msg>
<arg>id=streetAddress</arg>
<doc>Verifies that element ``locator`` is found on the current page.</doc>
<status status="PASS" start="2026-04-01T09:26:33.029263" elapsed="0.218172"/>
</kw>
<kw name="Page Should Contain Element" owner="SeleniumLibrary">
<msg time="2026-04-01T09:26:33.466280" level="INFO">Current page contains element 'id=city'.</msg>
<arg>id=city</arg>
<doc>Verifies that element ``locator`` is found on the current page.</doc>
<status status="PASS" start="2026-04-01T09:26:33.248377" elapsed="0.218843"/>
</kw>
<kw name="Page Should Contain Element" owner="SeleniumLibrary">
<msg time="2026-04-01T09:26:33.681058" level="INFO">Current page contains element 'id=state'.</msg>
<arg>id=state</arg>
<doc>Verifies that element ``locator`` is found on the current page.</doc>
<status status="PASS" start="2026-04-01T09:26:33.468031" elapsed="0.213228"/>
</kw>
<kw name="Page Should Contain Element" owner="SeleniumLibrary">
<msg time="2026-04-01T09:26:33.898600" level="INFO">Current page contains element 'id=zipcode'.</msg>
<arg>id=zipcode</arg>
<doc>Verifies that element ``locator`` is found on the current page.</doc>
<status status="PASS" start="2026-04-01T09:26:33.681822" elapsed="0.216971"/>
</kw>
<kw name="Page Should Contain Element" owner="SeleniumLibrary">
<msg time="2026-04-01T09:26:34.112814" level="INFO">Current page contains element 'id=email'.</msg>
<arg>id=email</arg>
<doc>Verifies that element ``locator`` is found on the current page.</doc>
<status status="PASS" start="2026-04-01T09:26:33.899712" elapsed="0.213321"/>
</kw>
<kw name="Page Should Contain Element" owner="SeleniumLibrary">
<msg time="2026-04-01T09:26:34.333640" level="INFO">Current page contains element 'id=phone'.</msg>
<arg>id=phone</arg>
<doc>Verifies that element ``locator`` is found on the current page.</doc>
<status status="PASS" start="2026-04-01T09:26:34.113708" elapsed="0.220141"/>
</kw>
<kw name="Close Browser Session" owner="keywords" type="TEARDOWN">
<kw name="Close Browser" owner="SeleniumLibrary">
<doc>Closes the current browser.</doc>
<status status="PASS" start="2026-04-01T09:26:34.335180" elapsed="2.322278"/>
</kw>
<status status="PASS" start="2026-04-01T09:26:34.334677" elapsed="2.322987"/>
</kw>
<status status="PASS" start="2026-04-01T09:26:24.533073" elapsed="12.124733"/>
</test>
<test id="s1-s2-t12" name="Profile Email Field Is Disabled" line="99">
<kw name="Open Browser To App" owner="keywords" type="SETUP">
<kw name="Open Browser" owner="SeleniumLibrary">
<msg time="2026-04-01T09:26:36.658953" level="INFO">Opening browser 'chrome' to base url 'http://localhost:3000'.</msg>
<arg>${BASE_URL}</arg>
<arg>${BROWSER}</arg>
<doc>Opens a new browser instance to the optional ``url``.</doc>
<status status="PASS" start="2026-04-01T09:26:36.658806" elapsed="1.440684"/>
</kw>
<kw name="Maximize Browser Window" owner="SeleniumLibrary">
<doc>Maximizes current browser window.</doc>
<status status="PASS" start="2026-04-01T09:26:38.100114" elapsed="0.291253"/>
</kw>
<kw name="Set Selenium Timeout" owner="SeleniumLibrary">
<arg>10 seconds</arg>
<doc>Sets the timeout that is used by various keywords.</doc>
<status status="PASS" start="2026-04-01T09:26:38.391868" elapsed="0.203658"/>
</kw>
<kw name="Set Selenium Speed" owner="SeleniumLibrary">
<arg>0.2 seconds</arg>
<doc>Sets the delay that is waited after each Selenium command.</doc>
<status status="PASS" start="2026-04-01T09:26:38.595787" elapsed="0.000296"/>
</kw>
<status status="PASS" start="2026-04-01T09:26:36.658621" elapsed="1.937566"/>
</kw>
<kw name="Login As Test User" owner="keywords">
<kw name="Go To Login Page" owner="keywords">
<kw name="Go To" owner="SeleniumLibrary">
<msg time="2026-04-01T09:26:38.597614" level="INFO">Opening url 'http://localhost:3000/login'</msg>
<arg>${BASE_URL}/login</arg>
<doc>Navigates the current browser window to the provided ``url``.</doc>
<status status="PASS" start="2026-04-01T09:26:38.597398" elapsed="0.264324"/>
</kw>
<kw name="Wait Until Page Contains Element" owner="SeleniumLibrary">
<arg>id=email</arg>
<doc>Waits until the element ``locator`` appears on the current page.</doc>
<status status="PASS" start="2026-04-01T09:26:38.862365" elapsed="0.224357"/>
</kw>
<status status="PASS" start="2026-04-01T09:26:38.597110" elapsed="0.489890"/>
</kw>
<kw name="Input Text" owner="SeleniumLibrary">
<msg time="2026-04-01T09:26:39.087810" level="INFO">Typing text 'test5@tester.com' into text field 'id=email'.</msg>
<arg>id=email</arg>
<arg>${TEST_EMAIL}</arg>
<doc>Types the given ``text`` into the text field identified by ``locator``.</doc>
<status status="PASS" start="2026-04-01T09:26:39.087294" elapsed="0.731631"/>
</kw>
<kw name="Input Password" owner="SeleniumLibrary">
<msg time="2026-04-01T09:26:39.819718" level="INFO">Typing password into text field 'id=password'.</msg>
<msg time="2026-04-01T09:26:40.260291" level="INFO">Temporally setting log level to: NONE</msg>
<arg>id=password</arg>
<arg>${TEST_PASSWORD}</arg>
<doc>Types the given password into the text field identified by ``locator``.</doc>
<status status="PASS" start="2026-04-01T09:26:39.819280" elapsed="0.687336"/>
</kw>
<kw name="Click Button" owner="SeleniumLibrary">
<msg time="2026-04-01T09:26:40.507062" level="INFO">Clicking button 'xpath=//button[normalize-space()='Login']'.</msg>
<arg>xpath=//button[normalize-space()='Login']</arg>
<doc>Clicks the button identified by ``locator``.</doc>
<status status="PASS" start="2026-04-01T09:26:40.506838" elapsed="1.126265"/>
</kw>
<kw name="Wait Until Page Contains Element" owner="SeleniumLibrary">
<arg>xpath=//a[@href='/profile']</arg>
<arg>10s</arg>
<doc>Waits until the element ``locator`` appears on the current page.</doc>
<status status="PASS" start="2026-04-01T09:26:41.633342" elapsed="1.466591"/>
</kw>
<status status="PASS" start="2026-04-01T09:26:38.596721" elapsed="4.503438"/>
</kw>
<kw name="Open Profile Page" owner="keywords">
<kw name="Click Link" owner="SeleniumLibrary">
<msg time="2026-04-01T09:26:43.101675" level="INFO">Clicking link 'Profile'.</msg>
<arg>Profile</arg>
<doc>Clicks a link identified by ``locator``.</doc>
<status status="PASS" start="2026-04-01T09:26:43.101411" elapsed="0.717173"/>
</kw>
<kw name="Wait Until Page Contains" owner="SeleniumLibrary">
<arg>My Profile</arg>
<doc>Waits until ``text`` appears on the current page.</doc>
<status status="PASS" start="2026-04-01T09:26:43.818929" elapsed="0.217433"/>
</kw>
<status status="PASS" start="2026-04-01T09:26:43.100954" elapsed="0.935620"/>
</kw>
<kw name="Element Should Be Disabled" owner="SeleniumLibrary">
<arg>id=email</arg>
<doc>Verifies that element identified by ``locator`` is disabled.</doc>
<status status="PASS" start="2026-04-01T09:26:44.037087" elapsed="0.426119"/>
</kw>
<kw name="Close Browser Session" owner="keywords" type="TEARDOWN">
<kw name="Close Browser" owner="SeleniumLibrary">
<doc>Closes the current browser.</doc>
<status status="PASS" start="2026-04-01T09:26:44.464851" elapsed="2.382822"/>
</kw>
<status status="PASS" start="2026-04-01T09:26:44.464256" elapsed="2.383507"/>
</kw>
<status status="PASS" start="2026-04-01T09:26:36.658343" elapsed="10.189843"/>
</test>
<test id="s1-s2-t13" name="Profile Allows Editing Editable Fields" line="104">
<kw name="Open Browser To App" owner="keywords" type="SETUP">
<kw name="Open Browser" owner="SeleniumLibrary">
<msg time="2026-04-01T09:26:46.849540" level="INFO">Opening browser 'chrome' to base url 'http://localhost:3000'.</msg>
<arg>${BASE_URL}</arg>
<arg>${BROWSER}</arg>
<doc>Opens a new browser instance to the optional ``url``.</doc>
<status status="PASS" start="2026-04-01T09:26:46.849385" elapsed="1.885778"/>
</kw>
<kw name="Maximize Browser Window" owner="SeleniumLibrary">
<doc>Maximizes current browser window.</doc>
<status status="PASS" start="2026-04-01T09:26:48.735379" elapsed="0.285126"/>
</kw>
<kw name="Set Selenium Timeout" owner="SeleniumLibrary">
<arg>10 seconds</arg>
<doc>Sets the timeout that is used by various keywords.</doc>
<status status="PASS" start="2026-04-01T09:26:49.021438" elapsed="0.207434"/>
</kw>
<kw name="Set Selenium Speed" owner="SeleniumLibrary">
<arg>0.2 seconds</arg>
<doc>Sets the delay that is waited after each Selenium command.</doc>
<status status="PASS" start="2026-04-01T09:26:49.229261" elapsed="0.000423"/>
</kw>
<status status="PASS" start="2026-04-01T09:26:46.849194" elapsed="2.380653"/>
</kw>
<kw name="Login As Test User" owner="keywords">
<kw name="Go To Login Page" owner="keywords">
<kw name="Go To" owner="SeleniumLibrary">
<msg time="2026-04-01T09:26:49.231697" level="INFO">Opening url 'http://localhost:3000/login'</msg>
<arg>${BASE_URL}/login</arg>
<doc>Navigates the current browser window to the provided ``url``.</doc>
<status status="PASS" start="2026-04-01T09:26:49.231434" elapsed="0.273321"/>
</kw>
<kw name="Wait Until Page Contains Element" owner="SeleniumLibrary">
<arg>id=email</arg>
<doc>Waits until the element ``locator`` appears on the current page.</doc>
<status status="PASS" start="2026-04-01T09:26:49.505044" elapsed="0.215242"/>
</kw>
<status status="PASS" start="2026-04-01T09:26:49.231029" elapsed="0.489560"/>
</kw>
<kw name="Input Text" owner="SeleniumLibrary">
<msg time="2026-04-01T09:26:49.721480" level="INFO">Typing text 'test5@tester.com' into text field 'id=email'.</msg>
<arg>id=email</arg>
<arg>${TEST_EMAIL}</arg>
<doc>Types the given ``text`` into the text field identified by ``locator``.</doc>
<status status="PASS" start="2026-04-01T09:26:49.720918" elapsed="0.734653"/>
</kw>
<kw name="Input Password" owner="SeleniumLibrary">
<msg time="2026-04-01T09:26:50.456353" level="INFO">Typing password into text field 'id=password'.</msg>
<msg time="2026-04-01T09:26:50.915884" level="INFO">Temporally setting log level to: NONE</msg>
<arg>id=password</arg>
<arg>${TEST_PASSWORD}</arg>
<doc>Types the given password into the text field identified by ``locator``.</doc>
<status status="PASS" start="2026-04-01T09:26:50.455922" elapsed="0.732614"/>
</kw>
<kw name="Click Button" owner="SeleniumLibrary">
<msg time="2026-04-01T09:26:51.189270" level="INFO">Clicking button 'xpath=//button[normalize-space()='Login']'.</msg>
<arg>xpath=//button[normalize-space()='Login']</arg>
<doc>Clicks the button identified by ``locator``.</doc>
<status status="PASS" start="2026-04-01T09:26:51.188900" elapsed="1.139324"/>
</kw>
<kw name="Wait Until Page Contains Element" owner="SeleniumLibrary">
<arg>xpath=//a[@href='/profile']</arg>
<arg>10s</arg>
<doc>Waits until the element ``locator`` appears on the current page.</doc>
<status status="PASS" start="2026-04-01T09:26:52.328590" elapsed="1.448773"/>
</kw>
<status status="PASS" start="2026-04-01T09:26:49.230472" elapsed="4.547104"/>
</kw>
<kw name="Open Profile Page" owner="keywords">
<kw name="Click Link" owner="SeleniumLibrary">
<msg time="2026-04-01T09:26:53.778984" level="INFO">Clicking link 'Profile'.</msg>
<arg>Profile</arg>
<doc>Clicks a link identified by ``locator``.</doc>
<status status="PASS" start="2026-04-01T09:26:53.778664" elapsed="0.714881"/>
</kw>
<kw name="Wait Until Page Contains" owner="SeleniumLibrary">
<arg>My Profile</arg>
<doc>Waits until ``text`` appears on the current page.</doc>
<status status="PASS" start="2026-04-01T09:26:54.493797" elapsed="0.215372"/>
</kw>
<status status="PASS" start="2026-04-01T09:26:53.778120" elapsed="0.931261"/>
</kw>
<kw name="Clear And Type" owner="keywords">
<kw name="Click Element" owner="SeleniumLibrary">
<msg time="2026-04-01T09:26:54.711070" level="INFO">Clicking element 'id=firstName'.</msg>
<arg>${locator}</arg>
<doc>Click the element identified by ``locator``.</doc>
<status status="PASS" start="2026-04-01T09:26:54.710698" elapsed="0.485936"/>
</kw>
<kw name="Press Keys" owner="SeleniumLibrary">
<msg time="2026-04-01T09:26:55.197695" level="INFO">Sending key(s) ('CTRL+a',) to id=firstName element.</msg>
<msg time="2026-04-01T09:26:55.876559" level="INFO">Pressing special key CONTROL down.</msg>
<msg time="2026-04-01T09:26:55.876703" level="INFO">Sending key a</msg>
<msg time="2026-04-01T09:26:55.876772" level="INFO">Releasing special key CONTROL.</msg>
<arg>${locator}</arg>
<arg>CTRL+a</arg>
<doc>Simulates the user pressing key(s) to an element or on the active browser.</doc>
<status status="PASS" start="2026-04-01T09:26:55.196969" elapsed="0.894719"/>
</kw>
<kw name="Press Keys" owner="SeleniumLibrary">
<msg time="2026-04-01T09:26:56.092718" level="INFO">Sending key(s) ('BACKSPACE',) to id=firstName element.</msg>
<msg time="2026-04-01T09:26:56.794966" level="INFO">Pressing special key BACKSPACE to element.</msg>
<msg time="2026-04-01T09:26:56.795119" level="INFO">Releasing special key BACKSPACE.</msg>
<arg>${locator}</arg>
<arg>BACKSPACE</arg>
<doc>Simulates the user pressing key(s) to an element or on the active browser.</doc>
<status status="PASS" start="2026-04-01T09:26:56.092036" elapsed="0.919885"/>
</kw>
<kw name="Input Text" owner="SeleniumLibrary">
<msg time="2026-04-01T09:26:57.012680" level="INFO">Typing text 'Kenny' into text field 'id=firstName'.</msg>
<arg>${locator}</arg>
<arg>${value}</arg>
<doc>Types the given ``text`` into the text field identified by ``locator``.</doc>
<status status="PASS" start="2026-04-01T09:26:57.012183" elapsed="0.699850"/>
</kw>
<arg>id=firstName</arg>
<arg>${UPDATED_FIRST_NAME}</arg>
<status status="PASS" start="2026-04-01T09:26:54.710032" elapsed="3.002171"/>
</kw>
<kw name="Clear And Type" owner="keywords">
<kw name="Click Element" owner="SeleniumLibrary">
<msg time="2026-04-01T09:26:57.714429" level="INFO">Clicking element 'id=city'.</msg>
<arg>${locator}</arg>
<doc>Click the element identified by ``locator``.</doc>
<status status="PASS" start="2026-04-01T09:26:57.713989" elapsed="0.469346"/>
</kw>
<kw name="Press Keys" owner="SeleniumLibrary">
<msg time="2026-04-01T09:26:58.184290" level="INFO">Sending key(s) ('CTRL+a',) to id=city element.</msg>
<msg time="2026-04-01T09:26:58.878876" level="INFO">Pressing special key CONTROL down.</msg>
<msg time="2026-04-01T09:26:58.879031" level="INFO">Sending key a</msg>
<msg time="2026-04-01T09:26:58.879109" level="INFO">Releasing special key CONTROL.</msg>
<arg>${locator}</arg>
<arg>CTRL+a</arg>
[...]
<msg time="2026-04-01T09:28:39.911141" level="INFO">Clicking link 'Profile'.</msg>
<arg>Profile</arg>
<doc>Clicks a link identified by ``locator``.</doc>
<status status="PASS" start="2026-04-01T09:28:39.910876" elapsed="0.736437"/>
</kw>
<kw name="Wait Until Page Contains" owner="SeleniumLibrary">
<arg>My Profile</arg>
<doc>Waits until ``text`` appears on the current page.</doc>
<status status="PASS" start="2026-04-01T09:28:40.647668" elapsed="0.216349"/>
</kw>
<status status="PASS" start="2026-04-01T09:28:39.910421" elapsed="0.953833"/>
</kw>
<kw name="Wait Until Page Contains" owner="SeleniumLibrary">
<arg>My Profile</arg>
<arg>10s</arg>
<doc>Waits until ``text`` appears on the current page.</doc>
<status status="PASS" start="2026-04-01T09:28:40.864882" elapsed="0.217106"/>
</kw>
<kw name="Clear And Type" owner="keywords">
<kw name="Click Element" owner="SeleniumLibrary">
<msg time="2026-04-01T09:28:41.084256" level="INFO">Clicking element 'id=firstName'.</msg>
<arg>${locator}</arg>
<doc>Click the element identified by ``locator``.</doc>
<status status="PASS" start="2026-04-01T09:28:41.083789" elapsed="0.485414"/>
</kw>
<kw name="Press Keys" owner="SeleniumLibrary">
<msg time="2026-04-01T09:28:41.570316" level="INFO">Sending key(s) ('CTRL+a',) to id=firstName element.</msg>
<msg time="2026-04-01T09:28:42.268113" level="INFO">Pressing special key CONTROL down.</msg>
<msg time="2026-04-01T09:28:42.268285" level="INFO">Sending key a</msg>
<msg time="2026-04-01T09:28:42.268357" level="INFO">Releasing special key CONTROL.</msg>
<arg>${locator}</arg>
<arg>CTRL+a</arg>
<doc>Simulates the user pressing key(s) to an element or on the active browser.</doc>
<status status="PASS" start="2026-04-01T09:28:41.569561" elapsed="0.921103"/>
</kw>
<kw name="Press Keys" owner="SeleniumLibrary">
<msg time="2026-04-01T09:28:42.491731" level="INFO">Sending key(s) ('BACKSPACE',) to id=firstName element.</msg>
<msg time="2026-04-01T09:28:43.178457" level="INFO">Pressing special key BACKSPACE to element.</msg>
<msg time="2026-04-01T09:28:43.178627" level="INFO">Releasing special key BACKSPACE.</msg>
<arg>${locator}</arg>
<arg>BACKSPACE</arg>
<doc>Simulates the user pressing key(s) to an element or on the active browser.</doc>
<status status="PASS" start="2026-04-01T09:28:42.491023" elapsed="0.903490"/>
</kw>
<kw name="Input Text" owner="SeleniumLibrary">
<msg time="2026-04-01T09:28:43.395077" level="INFO">Typing text 'Kenny' into text field 'id=firstName'.</msg>
<arg>${locator}</arg>
<arg>${value}</arg>
<doc>Types the given ``text`` into the text field identified by ``locator``.</doc>
<status status="PASS" start="2026-04-01T09:28:43.394767" elapsed="0.693026"/>
</kw>
<arg>id=firstName</arg>
<arg>${UPDATED_FIRST_NAME}</arg>
<status status="PASS" start="2026-04-01T09:28:41.082978" elapsed="3.005056"/>
</kw>
<kw name="Clear And Type" owner="keywords">
<kw name="Click Element" owner="SeleniumLibrary">
<msg time="2026-04-01T09:28:44.089978" level="INFO">Clicking element 'id=lastName'.</msg>
<arg>${locator}</arg>
<doc>Click the element identified by ``locator``.</doc>
<status status="PASS" start="2026-04-01T09:28:44.089642" elapsed="0.503854"/>
</kw>
<kw name="Press Keys" owner="SeleniumLibrary">
<msg time="2026-04-01T09:28:44.594441" level="INFO">Sending key(s) ('CTRL+a',) to id=lastName element.</msg>
<msg time="2026-04-01T09:28:45.283736" level="INFO">Pressing special key CONTROL down.</msg>
<msg time="2026-04-01T09:28:45.283847" level="INFO">Sending key a</msg>
<msg time="2026-04-01T09:28:45.283890" level="INFO">Releasing special key CONTROL.</msg>
<arg>${locator}</arg>
<arg>CTRL+a</arg>
<doc>Simulates the user pressing key(s) to an element or on the active browser.</doc>
<status status="PASS" start="2026-04-01T09:28:44.593822" elapsed="0.905566"/>
</kw>
<kw name="Press Keys" owner="SeleniumLibrary">
<msg time="2026-04-01T09:28:45.500673" level="INFO">Sending key(s) ('BACKSPACE',) to id=lastName element.</msg>
<msg time="2026-04-01T09:28:46.194534" level="INFO">Pressing special key BACKSPACE to element.</msg>
<msg time="2026-04-01T09:28:46.194700" level="INFO">Releasing special key BACKSPACE.</msg>
<arg>${locator}</arg>
<arg>BACKSPACE</arg>
<doc>Simulates the user pressing key(s) to an element or on the active browser.</doc>
<status status="PASS" start="2026-04-01T09:28:45.499849" elapsed="0.911345"/>
</kw>
<kw name="Input Text" owner="SeleniumLibrary">
<msg time="2026-04-01T09:28:46.412155" level="INFO">Typing text 'Tester' into text field 'id=lastName'.</msg>
<arg>${locator}</arg>
<arg>${value}</arg>
<doc>Types the given ``text`` into the text field identified by ``locator``.</doc>
<status status="PASS" start="2026-04-01T09:28:46.411592" elapsed="0.746001"/>
</kw>
<arg>id=lastName</arg>
<arg>${UPDATED_LAST_NAME}</arg>
<status status="PASS" start="2026-04-01T09:28:44.089002" elapsed="3.068973"/>
</kw>
<kw name="Clear And Type" owner="keywords">
<kw name="Click Element" owner="SeleniumLibrary">
<msg time="2026-04-01T09:28:47.159817" level="INFO">Clicking element 'id=streetAddress'.</msg>
<arg>${locator}</arg>
<doc>Click the element identified by ``locator``.</doc>
<status status="PASS" start="2026-04-01T09:28:47.159403" elapsed="0.510319"/>
</kw>
<kw name="Press Keys" owner="SeleniumLibrary">
<msg time="2026-04-01T09:28:47.670561" level="INFO">Sending key(s) ('CTRL+a',) to id=streetAddress element.</msg>
<msg time="2026-04-01T09:28:48.353556" level="INFO">Pressing special key CONTROL down.</msg>
<msg time="2026-04-01T09:28:48.353708" level="INFO">Sending key a</msg>
<msg time="2026-04-01T09:28:48.353783" level="INFO">Releasing special key CONTROL.</msg>
<arg>${locator}</arg>
<arg>CTRL+a</arg>
<doc>Simulates the user pressing key(s) to an element or on the active browser.</doc>
<status status="PASS" start="2026-04-01T09:28:47.670001" elapsed="0.909373"/>
</kw>
<kw name="Press Keys" owner="SeleniumLibrary">
<msg time="2026-04-01T09:28:48.580477" level="INFO">Sending key(s) ('BACKSPACE',) to id=streetAddress element.</msg>
<msg time="2026-04-01T09:28:49.270432" level="INFO">Pressing special key BACKSPACE to element.</msg>
<msg time="2026-04-01T09:28:49.270543" level="INFO">Releasing special key BACKSPACE.</msg>
<arg>${locator}</arg>
<arg>BACKSPACE</arg>
<doc>Simulates the user pressing key(s) to an element or on the active browser.</doc>
<status status="PASS" start="2026-04-01T09:28:48.579739" elapsed="0.905447"/>
</kw>
<kw name="Input Text" owner="SeleniumLibrary">
<msg time="2026-04-01T09:28:49.486032" level="INFO">Typing text '321 Lake Road' into text field 'id=streetAddress'.</msg>
<arg>${locator}</arg>
<arg>${value}</arg>
<doc>Types the given ``text`` into the text field identified by ``locator``.</doc>
<status status="PASS" start="2026-04-01T09:28:49.485544" elapsed="0.751073"/>
</kw>
<arg>id=streetAddress</arg>
<arg>${UPDATED_STREET}</arg>
<status status="PASS" start="2026-04-01T09:28:47.158714" elapsed="3.078058"/>
</kw>
<kw name="Clear And Type" owner="keywords">
<kw name="Click Element" owner="SeleniumLibrary">
<msg time="2026-04-01T09:28:50.237863" level="INFO">Clicking element 'id=city'.</msg>
<arg>${locator}</arg>
<doc>Click the element identified by ``locator``.</doc>
<status status="PASS" start="2026-04-01T09:28:50.237653" elapsed="0.484136"/>
</kw>
<kw name="Press Keys" owner="SeleniumLibrary">
<msg time="2026-04-01T09:28:50.722854" level="INFO">Sending key(s) ('CTRL+a',) to id=city element.</msg>
<msg time="2026-04-01T09:28:51.406215" level="INFO">Pressing special key CONTROL down.</msg>
<msg time="2026-04-01T09:28:51.406319" level="INFO">Sending key a</msg>
<msg time="2026-04-01T09:28:51.406367" level="INFO">Releasing special key CONTROL.</msg>
<arg>${locator}</arg>
<arg>CTRL+a</arg>
<doc>Simulates the user pressing key(s) to an element or on the active browser.</doc>
<status status="PASS" start="2026-04-01T09:28:50.722133" elapsed="0.895923"/>
</kw>
<kw name="Press Keys" owner="SeleniumLibrary">
<msg time="2026-04-01T09:28:51.618952" level="INFO">Sending key(s) ('BACKSPACE',) to id=city element.</msg>
<msg time="2026-04-01T09:28:52.300848" level="INFO">Pressing special key BACKSPACE to element.</msg>
<msg time="2026-04-01T09:28:52.300966" level="INFO">Releasing special key BACKSPACE.</msg>
<arg>${locator}</arg>
<arg>BACKSPACE</arg>
<doc>Simulates the user pressing key(s) to an element or on the active browser.</doc>
<status status="PASS" start="2026-04-01T09:28:51.618435" elapsed="0.895495"/>
</kw>
<kw name="Input Text" owner="SeleniumLibrary">
<msg time="2026-04-01T09:28:52.514715" level="INFO">Typing text 'Raleigh' into text field 'id=city'.</msg>
<arg>${locator}</arg>
<arg>${value}</arg>
<doc>Types the given ``text`` into the text field identified by ``locator``.</doc>
<status status="PASS" start="2026-04-01T09:28:52.514259" elapsed="0.720700"/>
</kw>
<arg>id=city</arg>
<arg>${UPDATED_CITY}</arg>
<status status="PASS" start="2026-04-01T09:28:50.237254" elapsed="2.997976"/>
</kw>
<kw name="Clear And Type" owner="keywords">
<kw name="Click Element" owner="SeleniumLibrary">
<msg time="2026-04-01T09:28:53.237271" level="INFO">Clicking element 'id=state'.</msg>
<arg>${locator}</arg>
<doc>Click the element identified by ``locator``.</doc>
<status status="PASS" start="2026-04-01T09:28:53.236902" elapsed="0.474917"/>
</kw>
<kw name="Press Keys" owner="SeleniumLibrary">
<msg time="2026-04-01T09:28:53.712826" level="INFO">Sending key(s) ('CTRL+a',) to id=state element.</msg>
<msg time="2026-04-01T09:28:54.408776" level="INFO">Pressing special key CONTROL down.</msg>
<msg time="2026-04-01T09:28:54.408993" level="INFO">Sending key a</msg>
<msg time="2026-04-01T09:28:54.409089" level="INFO">Releasing special key CONTROL.</msg>
<arg>${locator}</arg>
<arg>CTRL+a</arg>
<doc>Simulates the user pressing key(s) to an element or on the active browser.</doc>
<status status="PASS" start="2026-04-01T09:28:53.712158" elapsed="0.926069"/>
</kw>
<kw name="Press Keys" owner="SeleniumLibrary">
<msg time="2026-04-01T09:28:54.639468" level="INFO">Sending key(s) ('BACKSPACE',) to id=state element.</msg>
<msg time="2026-04-01T09:28:55.336285" level="INFO">Pressing special key BACKSPACE to element.</msg>
<msg time="2026-04-01T09:28:55.336423" level="INFO">Releasing special key BACKSPACE.</msg>
<arg>${locator}</arg>
<arg>BACKSPACE</arg>
<doc>Simulates the user pressing key(s) to an element or on the active browser.</doc>
<status status="PASS" start="2026-04-01T09:28:54.638634" elapsed="0.913790"/>
</kw>
<kw name="Input Text" owner="SeleniumLibrary">
<msg time="2026-04-01T09:28:55.553242" level="INFO">Typing text 'NC' into text field 'id=state'.</msg>
<arg>${locator}</arg>
<arg>${value}</arg>
<doc>Types the given ``text`` into the text field identified by ``locator``.</doc>
<status status="PASS" start="2026-04-01T09:28:55.552772" elapsed="0.680857"/>
</kw>
<arg>id=state</arg>
<arg>${UPDATED_STATE}</arg>
<status status="PASS" start="2026-04-01T09:28:53.236248" elapsed="2.997620"/>
</kw>
<kw name="Clear And Type" owner="keywords">
<kw name="Click Element" owner="SeleniumLibrary">
<msg time="2026-04-01T09:28:56.236051" level="INFO">Clicking element 'id=zipcode'.</msg>
<arg>${locator}</arg>
<doc>Click the element identified by ``locator``.</doc>
<status status="PASS" start="2026-04-01T09:28:56.235716" elapsed="0.505512"/>
</kw>
<kw name="Press Keys" owner="SeleniumLibrary">
<msg time="2026-04-01T09:28:56.742190" level="INFO">Sending key(s) ('CTRL+a',) to id=zipcode element.</msg>
<msg time="2026-04-01T09:28:57.442264" level="INFO">Pressing special key CONTROL down.</msg>
<msg time="2026-04-01T09:28:57.442372" level="INFO">Sending key a</msg>
<msg time="2026-04-01T09:28:57.442417" level="INFO">Releasing special key CONTROL.</msg>
<arg>${locator}</arg>
<arg>CTRL+a</arg>
<doc>Simulates the user pressing key(s) to an element or on the active browser.</doc>
<status status="PASS" start="2026-04-01T09:28:56.741543" elapsed="0.914956"/>
</kw>
<kw name="Press Keys" owner="SeleniumLibrary">
<msg time="2026-04-01T09:28:57.657235" level="INFO">Sending key(s) ('BACKSPACE',) to id=zipcode element.</msg>
<msg time="2026-04-01T09:28:58.389174" level="INFO">Pressing special key BACKSPACE to element.</msg>
<msg time="2026-04-01T09:28:58.389324" level="INFO">Releasing special key BACKSPACE.</msg>
<arg>${locator}</arg>
<arg>BACKSPACE</arg>
<doc>Simulates the user pressing key(s) to an element or on the active browser.</doc>
<status status="PASS" start="2026-04-01T09:28:57.656744" elapsed="0.950412"/>
</kw>
<kw name="Input Text" owner="SeleniumLibrary">
<msg time="2026-04-01T09:28:58.607686" level="INFO">Typing text '27601' into text field 'id=zipcode'.</msg>
<arg>${locator}</arg>
<arg>${value}</arg>
<doc>Types the given ``text`` into the text field identified by ``locator``.</doc>
<status status="PASS" start="2026-04-01T09:28:58.607385" elapsed="0.727051"/>
</kw>
<arg>id=zipcode</arg>
<arg>${UPDATED_ZIP}</arg>
<status status="PASS" start="2026-04-01T09:28:56.235089" elapsed="3.099683"/>
</kw>
<kw name="Clear And Type" owner="keywords">
<kw name="Click Element" owner="SeleniumLibrary">
<msg time="2026-04-01T09:28:59.336655" level="INFO">Clicking element 'id=phone'.</msg>
<arg>${locator}</arg>
<doc>Click the element identified by ``locator``.</doc>
<status status="PASS" start="2026-04-01T09:28:59.336319" elapsed="0.468007"/>
</kw>
<kw name="Press Keys" owner="SeleniumLibrary">
<msg time="2026-04-01T09:28:59.805171" level="INFO">Sending key(s) ('CTRL+a',) to id=phone element.</msg>
<msg time="2026-04-01T09:29:00.482965" level="INFO">Pressing special key CONTROL down.</msg>
<msg time="2026-04-01T09:29:00.483099" level="INFO">Sending key a</msg>
<msg time="2026-04-01T09:29:00.483170" level="INFO">Releasing special key CONTROL.</msg>
<arg>${locator}</arg>
<arg>CTRL+a</arg>
<doc>Simulates the user pressing key(s) to an element or on the active browser.</doc>
<status status="PASS" start="2026-04-01T09:28:59.804667" elapsed="0.894357"/>
</kw>
<kw name="Press Keys" owner="SeleniumLibrary">
<msg time="2026-04-01T09:29:00.699716" level="INFO">Sending key(s) ('BACKSPACE',) to id=phone element.</msg>
<msg time="2026-04-01T09:29:01.390718" level="INFO">Pressing special key BACKSPACE to element.</msg>
<msg time="2026-04-01T09:29:01.390862" level="INFO">Releasing special key BACKSPACE.</msg>
<arg>${locator}</arg>
<arg>BACKSPACE</arg>
<doc>Simulates the user pressing key(s) to an element or on the active browser.</doc>
<status status="PASS" start="2026-04-01T09:29:00.699263" elapsed="0.906984"/>
</kw>
<kw name="Input Text" owner="SeleniumLibrary">
<msg time="2026-04-01T09:29:01.606842" level="INFO">Typing text '9195551234' into text field 'id=phone'.</msg>
<arg>${locator}</arg>
<arg>${value}</arg>
<doc>Types the given ``text`` into the text field identified by ``locator``.</doc>
<status status="PASS" start="2026-04-01T09:29:01.606516" elapsed="0.707672"/>
</kw>
<arg>id=phone</arg>
<arg>${UPDATED_PHONE}</arg>
<status status="PASS" start="2026-04-01T09:28:59.335722" elapsed="2.978705"/>
</kw>
<kw name="Click Button" owner="SeleniumLibrary">
<msg time="2026-04-01T09:29:02.315476" level="INFO">Clicking button 'xpath=//button[normalize-space()='Save']'.</msg>
<arg>xpath=//button[normalize-space()='Save']</arg>
<doc>Clicks the button identified by ``locator``.</doc>
<status status="PASS" start="2026-04-01T09:29:02.315077" elapsed="1.116941"/>
</kw>
<kw name="Wait Until Page Contains" owner="SeleniumLibrary">
<arg>Profile updated successfully</arg>
<arg>10s</arg>
<doc>Waits until ``text`` appears on the current page.</doc>
<status status="PASS" start="2026-04-01T09:29:03.432597" elapsed="0.216108"/>
</kw>
<kw name="Reload Page" owner="SeleniumLibrary">
<doc>Simulates user reloading page.</doc>
<status status="PASS" start="2026-04-01T09:29:03.649263" elapsed="0.263369"/>
</kw>
<kw name="Wait Until Page Contains" owner="SeleniumLibrary">
<arg>My Profile</arg>
<arg>10s</arg>
<doc>Waits until ``text`` appears on the current page.</doc>
<status status="PASS" start="2026-04-01T09:29:03.913278" elapsed="0.210006"/>
</kw>
<kw name="Textfield Value Should Be" owner="SeleniumLibrary">
<msg time="2026-04-01T09:29:04.961538" level="INFO">Content of text field 'id=firstName' is 'Kenny'.</msg>
<arg>id=firstName</arg>
<arg>${UPDATED_FIRST_NAME}</arg>
<doc>Verifies text field ``locator`` has exactly text ``expected``.</doc>
<status status="PASS" start="2026-04-01T09:29:04.123777" elapsed="0.838092"/>
</kw>
<kw name="Textfield Value Should Be" owner="SeleniumLibrary">
<msg time="2026-04-01T09:29:05.824532" level="INFO">Content of text field 'id=lastName' is 'Tester'.</msg>
<arg>id=lastName</arg>
<arg>${UPDATED_LAST_NAME}</arg>
<doc>Verifies text field ``locator`` has exactly text ``expected``.</doc>
<status status="PASS" start="2026-04-01T09:29:04.962817" elapsed="0.861914"/>
</kw>
<kw name="Textfield Value Should Be" owner="SeleniumLibrary">
<msg time="2026-04-01T09:29:06.673888" level="INFO">Content of text field 'id=streetAddress' is '321 Lake Road'.</msg>
<arg>id=streetAddress</arg>
<arg>${UPDATED_STREET}</arg>
<doc>Verifies text field ``locator`` has exactly text ``expected``.</doc>
<status status="PASS" start="2026-04-01T09:29:05.825601" elapsed="0.848511"/>
</kw>
<kw name="Textfield Value Should Be" owner="SeleniumLibrary">
<msg time="2026-04-01T09:29:07.550055" level="INFO">Content of text field 'id=city' is 'Raleigh'.</msg>
<arg>id=city</arg>
<arg>${UPDATED_CITY}</arg>
<doc>Verifies text field ``locator`` has exactly text ``expected``.</doc>
<status status="PASS" start="2026-04-01T09:29:06.674760" elapsed="0.875657"/>
</kw>
<kw name="Textfield Value Should Be" owner="SeleniumLibrary">
<msg time="2026-04-01T09:29:08.407173" level="INFO">Content of text field 'id=state' is 'NC'.</msg>
<arg>id=state</arg>
<arg>${UPDATED_STATE}</arg>
<doc>Verifies text field ``locator`` has exactly text ``expected``.</doc>
<status status="PASS" start="2026-04-01T09:29:07.551460" elapsed="0.855932"/>
</kw>
<kw name="Textfield Value Should Be" owner="SeleniumLibrary">
<msg time="2026-04-01T09:29:09.245555" level="INFO">Content of text field 'id=zipcode' is '27601'.</msg>
<arg>id=zipcode</arg>
<arg>${UPDATED_ZIP}</arg>
<doc>Verifies text field ``locator`` has exactly text ``expected``.</doc>
<status status="PASS" start="2026-04-01T09:29:08.407998" elapsed="0.837801"/>
</kw>
<kw name="Textfield Value Should Be" owner="SeleniumLibrary">
<msg time="2026-04-01T09:29:10.103089" level="INFO">Content of text field 'id=phone' is '9195551234'.</msg>
<arg>id=phone</arg>
<arg>${UPDATED_PHONE}</arg>
<doc>Verifies text field ``locator`` has exactly text ``expected``.</doc>
<status status="PASS" start="2026-04-01T09:29:09.246490" elapsed="0.856819"/>
</kw>
<kw name="Close Browser Session" owner="keywords" type="TEARDOWN">
<kw name="Close Browser" owner="SeleniumLibrary">
<doc>Closes the current browser.</doc>
<status status="PASS" start="2026-04-01T09:29:10.104819" elapsed="2.313814"/>
</kw>
<status status="PASS" start="2026-04-01T09:29:10.104120" elapsed="2.314610"/>
</kw>
<status status="PASS" start="2026-04-01T09:28:33.369626" elapsed="39.049376"/>
</test>
<status status="PASS" start="2026-04-01T09:28:03.470139" elapsed="68.949836"/>
</suite>
<status status="PASS" start="2026-04-01T09:24:51.869696" elapsed="260.551515"/>
</suite>
<statistics>
<total>
<stat pass="30" fail="0" skip="0">All Tests</stat>
</total>
<tag>
</tag>
<suite>
<stat name="Tests" id="s1" pass="30" fail="0" skip="0">Tests</stat>
<stat name="Frontend Order Confirmation" id="s1-s1" pass="1" fail="0" skip="0">Tests.Frontend Order Confirmation</stat>
<stat name="Frontend Tests" id="s1-s2" pass="14" fail="0" skip="0">Tests.Frontend Tests</stat>
<stat name="Order History" id="s1-s3" pass="2" fail="0" skip="0">Tests.Order History</stat>
<stat name="Product Browsing" id="s1-s4" pass="9" fail="0" skip="0">Tests.Product Browsing</stat>
<stat name="Profile" id="s1-s5" pass="4" fail="0" skip="0">Tests.Profile</stat>
</suite>
</statistics>
<errors>
</errors>
</robot>
